{"/home/travis/build/npmtest/node-npmtest-jsoneditor/test.js":{"path":"/home/travis/build/npmtest/node-npmtest-jsoneditor/test.js","s":{"1":2,"2":2,"3":2,"4":2,"5":2,"6":2,"7":2,"8":1,"9":2,"10":2,"11":1,"12":1,"13":1,"14":1,"15":2,"16":2,"17":2,"18":2,"19":1,"20":1,"21":2,"22":2,"23":2,"24":1,"25":1,"26":1,"27":1,"28":1,"29":1,"30":1,"31":1,"32":1,"33":1,"34":1,"35":1,"36":1,"37":2,"38":2,"39":1,"40":2,"41":2,"42":1,"43":2,"44":2,"45":1,"46":2,"47":2,"48":1,"49":1,"50":1,"51":1,"52":1},"b":{"1":[2,1,1,1],"2":[1,1,1,1],"3":[1,1],"4":[1,1],"5":[1,1],"6":[1,1],"7":[1,1],"8":[1,1],"9":[1,1,1],"10":[1,1],"11":[1,1],"12":[1,1],"13":[1,1],"14":[1,1],"15":[1,1],"16":[1,1]},"f":{"1":2,"2":2,"3":2,"4":2,"5":2,"6":1,"7":1,"8":2,"9":2,"10":2,"11":2,"12":1},"fnMap":{"1":{"name":"(anonymous_1)","line":12,"loc":{"start":{"line":12,"column":1},"end":{"line":12,"column":13}}},"2":{"name":"(anonymous_2)","line":19,"loc":{"start":{"line":19,"column":5},"end":{"line":19,"column":17}}},"3":{"name":"(anonymous_3)","line":23,"loc":{"start":{"line":23,"column":24},"end":{"line":23,"column":36}}},"4":{"name":"(anonymous_4)","line":61,"loc":{"start":{"line":61,"column":5},"end":{"line":61,"column":17}}},"5":{"name":"(anonymous_5)","line":82,"loc":{"start":{"line":82,"column":5},"end":{"line":82,"column":17}}},"6":{"name":"(anonymous_6)","line":102,"loc":{"start":{"line":102,"column":83},"end":{"line":105,"column":10}},"skip":true},"7":{"name":"(anonymous_7)","line":113,"loc":{"start":{"line":113,"column":77},"end":{"line":116,"column":10}},"skip":true},"8":{"name":"(anonymous_8)","line":129,"loc":{"start":{"line":129,"column":12},"end":{"line":129,"column":40}},"skip":true},"9":{"name":"(anonymous_9)","line":137,"loc":{"start":{"line":137,"column":77},"end":{"line":140,"column":10}},"skip":true},"10":{"name":"(anonymous_10)","line":148,"loc":{"start":{"line":148,"column":83},"end":{"line":151,"column":10}},"skip":true},"11":{"name":"(anonymous_11)","line":159,"loc":{"start":{"line":159,"column":79},"end":{"line":162,"column":10}},"skip":true},"12":{"name":"(anonymous_12)","line":170,"loc":{"start":{"line":170,"column":75},"end":{"line":173,"column":10}},"skip":true}},"statementMap":{"1":{"start":{"line":12,"column":0},"end":{"line":185,"column":5}},"2":{"start":{"line":14,"column":4},"end":{"line":14,"column":14}},"3":{"start":{"line":19,"column":4},"end":{"line":56,"column":9}},"4":{"start":{"line":21,"column":8},"end":{"line":21,"column":19}},"5":{"start":{"line":23,"column":8},"end":{"line":35,"column":13}},"6":{"start":{"line":24,"column":12},"end":{"line":34,"column":13}},"7":{"start":{"line":25,"column":16},"end":{"line":28,"column":30}},"8":{"start":{"line":30,"column":16},"end":{"line":33,"column":27}},"9":{"start":{"line":37,"column":8},"end":{"line":39,"column":21}},"10":{"start":{"line":40,"column":8},"end":{"line":53,"column":9}},"11":{"start":{"line":43,"column":12},"end":{"line":46,"column":14}},"12":{"start":{"line":47,"column":12},"end":{"line":47,"column":18}},"13":{"start":{"line":50,"column":12},"end":{"line":51,"column":46}},"14":{"start":{"line":52,"column":12},"end":{"line":52,"column":18}},"15":{"start":{"line":55,"column":8},"end":{"line":55,"column":35}},"16":{"start":{"line":61,"column":4},"end":{"line":63,"column":9}},"17":{"start":{"line":62,"column":8},"end":{"line":62,"column":15}},"18":{"start":{"line":64,"column":4},"end":{"line":77,"column":5}},"19":{"start":{"line":70,"column":8},"end":{"line":70,"column":14}},"20":{"start":{"line":76,"column":8},"end":{"line":76,"column":14}},"21":{"start":{"line":82,"column":4},"end":{"line":84,"column":9}},"22":{"start":{"line":83,"column":8},"end":{"line":83,"column":15}},"23":{"start":{"line":85,"column":4},"end":{"line":184,"column":5}},"24":{"start":{"line":92,"column":8},"end":{"line":94,"column":63}},"25":{"start":{"line":95,"column":8},"end":{"line":95,"column":14}},"26":{"start":{"line":102,"column":8},"end":{"line":111,"column":10},"skip":true},"27":{"start":{"line":109,"column":12},"end":{"line":109,"column":55},"skip":true},"28":{"start":{"line":110,"column":12},"end":{"line":110,"column":48},"skip":true},"29":{"start":{"line":113,"column":8},"end":{"line":126,"column":10},"skip":true},"30":{"start":{"line":120,"column":12},"end":{"line":120,"column":76},"skip":true},"31":{"start":{"line":121,"column":12},"end":{"line":121,"column":73},"skip":true},"32":{"start":{"line":122,"column":12},"end":{"line":122,"column":74},"skip":true},"33":{"start":{"line":123,"column":12},"end":{"line":123,"column":79},"skip":true},"34":{"start":{"line":124,"column":12},"end":{"line":124,"column":25},"skip":true},"35":{"start":{"line":125,"column":12},"end":{"line":125,"column":45},"skip":true},"36":{"start":{"line":128,"column":8},"end":{"line":135,"column":14},"skip":true},"37":{"start":{"line":133,"column":16},"end":{"line":133,"column":29},"skip":true},"38":{"start":{"line":134,"column":16},"end":{"line":134,"column":55},"skip":true},"39":{"start":{"line":137,"column":8},"end":{"line":146,"column":10},"skip":true},"40":{"start":{"line":144,"column":12},"end":{"line":144,"column":25},"skip":true},"41":{"start":{"line":145,"column":12},"end":{"line":145,"column":45},"skip":true},"42":{"start":{"line":148,"column":8},"end":{"line":157,"column":10},"skip":true},"43":{"start":{"line":155,"column":12},"end":{"line":155,"column":25},"skip":true},"44":{"start":{"line":156,"column":12},"end":{"line":156,"column":48},"skip":true},"45":{"start":{"line":159,"column":8},"end":{"line":168,"column":10},"skip":true},"46":{"start":{"line":166,"column":12},"end":{"line":166,"column":25},"skip":true},"47":{"start":{"line":167,"column":12},"end":{"line":167,"column":46},"skip":true},"48":{"start":{"line":170,"column":8},"end":{"line":179,"column":10},"skip":true},"49":{"start":{"line":177,"column":12},"end":{"line":177,"column":94},"skip":true},"50":{"start":{"line":178,"column":12},"end":{"line":178,"column":48},"skip":true},"51":{"start":{"line":182,"column":8},"end":{"line":182,"column":35},"skip":true},"52":{"start":{"line":183,"column":8},"end":{"line":183,"column":14},"skip":true}},"branchMap":{"1":{"line":25,"type":"binary-expr","locations":[{"start":{"line":25,"column":23},"end":{"line":25,"column":62}},{"start":{"line":26,"column":20},"end":{"line":26,"column":70}},{"start":{"line":27,"column":20},"end":{"line":27,"column":71}},{"start":{"line":28,"column":20},"end":{"line":28,"column":29}}]},"2":{"line":30,"type":"binary-expr","locations":[{"start":{"line":30,"column":23},"end":{"line":30,"column":37}},{"start":{"line":31,"column":20},"end":{"line":31,"column":61}},{"start":{"line":32,"column":20},"end":{"line":32,"column":70}},{"start":{"line":33,"column":20},"end":{"line":33,"column":26}}]},"3":{"line":37,"type":"cond-expr","locations":[{"start":{"line":38,"column":14},"end":{"line":38,"column":20}},{"start":{"line":39,"column":14},"end":{"line":39,"column":20}}]},"4":{"line":40,"type":"switch","locations":[{"start":{"line":42,"column":8},"end":{"line":47,"column":18}},{"start":{"line":49,"column":8},"end":{"line":52,"column":18}}]},"5":{"line":44,"type":"binary-expr","locations":[{"start":{"line":44,"column":16},"end":{"line":44,"column":44}},{"start":{"line":44,"column":48},"end":{"line":44,"column":66}}]},"6":{"line":50,"type":"binary-expr","locations":[{"start":{"line":50,"column":21},"end":{"line":50,"column":49}},{"start":{"line":50,"column":53},"end":{"line":50,"column":72}}]},"7":{"line":64,"type":"switch","locations":[{"start":{"line":69,"column":4},"end":{"line":70,"column":14}},{"start":{"line":75,"column":4},"end":{"line":76,"column":14}}]},"8":{"line":85,"type":"switch","locations":[{"start":{"line":90,"column":4},"end":{"line":95,"column":14}},{"start":{"line":101,"column":4},"end":{"line":183,"column":14},"skip":true}]},"9":{"line":92,"type":"binary-expr","locations":[{"start":{"line":92,"column":18},"end":{"line":92,"column":32}},{"start":{"line":93,"column":12},"end":{"line":93,"column":53}},{"start":{"line":94,"column":12},"end":{"line":94,"column":61}}]},"10":{"line":102,"type":"binary-expr","locations":[{"start":{"line":102,"column":45},"end":{"line":102,"column":79},"skip":true},{"start":{"line":102,"column":83},"end":{"line":111,"column":9},"skip":true}]},"11":{"line":113,"type":"binary-expr","locations":[{"start":{"line":113,"column":42},"end":{"line":113,"column":73},"skip":true},{"start":{"line":113,"column":77},"end":{"line":126,"column":9},"skip":true}]},"12":{"line":128,"type":"binary-expr","locations":[{"start":{"line":128,"column":48},"end":{"line":128,"column":85},"skip":true},{"start":{"line":129,"column":12},"end":{"line":135,"column":13},"skip":true}]},"13":{"line":137,"type":"binary-expr","locations":[{"start":{"line":137,"column":42},"end":{"line":137,"column":73},"skip":true},{"start":{"line":137,"column":77},"end":{"line":146,"column":9},"skip":true}]},"14":{"line":148,"type":"binary-expr","locations":[{"start":{"line":148,"column":45},"end":{"line":148,"column":79},"skip":true},{"start":{"line":148,"column":83},"end":{"line":157,"column":9},"skip":true}]},"15":{"line":159,"type":"binary-expr","locations":[{"start":{"line":159,"column":43},"end":{"line":159,"column":75},"skip":true},{"start":{"line":159,"column":79},"end":{"line":168,"column":9},"skip":true}]},"16":{"line":170,"type":"binary-expr","locations":[{"start":{"line":170,"column":41},"end":{"line":170,"column":71},"skip":true},{"start":{"line":170,"column":75},"end":{"line":179,"column":9},"skip":true}]}},"code":["/* istanbul instrument in package npmtest_jsoneditor */","/*jslint","    bitwise: true,","    browser: true,","    maxerr: 8,","    maxlen: 96,","    node: true,","    nomen: true,","    regexp: true,","    stupid: true","*/","(function () {","    'use strict';","    var local;","","","","    // run shared js-env code - pre-init","    (function () {","        // init local","        local = {};","        // init modeJs","        local.modeJs = (function () {","            try {","                return typeof navigator.userAgent === 'string' &&","                    typeof document.querySelector('body') === 'object' &&","                    typeof XMLHttpRequest.prototype.open === 'function' &&","                    'browser';","            } catch (errorCaughtBrowser) {","                return module.exports &&","                    typeof process.versions.node === 'string' &&","                    typeof require('http').createServer === 'function' &&","                    'node';","            }","        }());","        // init global","        local.global = local.modeJs === 'browser'","            ? window","            : global;","        switch (local.modeJs) {","        // re-init local from window.local","        case 'browser':","            local = local.global.utility2.objectSetDefault(","                local.global.utility2_rollup || local.global.local,","                local.global.utility2","            );","            break;","        // re-init local from example.js","        case 'node':","            local = (local.global.utility2_rollup || require('utility2'))","                .requireExampleJsFromReadme();","            break;","        }","        // export local","        local.global.local = local;","    }());","","","","    // run shared js-env code - function","    (function () {","        return;","    }());","    switch (local.modeJs) {","","","","    // run browser js-env code - function","    case 'browser':","        break;","","","","    // run node js-env code - function","    case 'node':","        break;","    }","","","","    // run shared js-env code - post-init","    (function () {","        return;","    }());","    switch (local.modeJs) {","","","","    // run browser js-env code - post-init","    case 'browser':","        // run tests","        local.nop(local.modeTest &&","            document.querySelector('#testRunButton1') &&","            document.querySelector('#testRunButton1').click());","        break;","","","","    // run node js-env code - post-init","    /* istanbul ignore next */","    case 'node':","        local.testCase_buildApidoc_default = local.testCase_buildApidoc_default || function (","            options,","            onError","        ) {","        /*","         * this function will test buildApidoc's default handling-behavior-behavior","         */","            options = { modulePathList: module.paths };","            local.buildApidoc(options, onError);","        };","","        local.testCase_buildApp_default = local.testCase_buildApp_default || function (","            options,","            onError","        ) {","        /*","         * this function will test buildApp's default handling-behavior-behavior","         */","            local.testCase_buildReadme_default(options, local.onErrorThrow);","            local.testCase_buildLib_default(options, local.onErrorThrow);","            local.testCase_buildTest_default(options, local.onErrorThrow);","            local.testCase_buildCustomOrg_default(options, local.onErrorThrow);","            options = [];","            local.buildApp(options, onError);","        };","","        local.testCase_buildCustomOrg_default = local.testCase_buildCustomOrg_default ||","            function (options, onError) {","            /*","             * this function will test buildCustomOrg's default handling-behavior","             */","                options = {};","                local.buildCustomOrg(options, onError);","            };","","        local.testCase_buildLib_default = local.testCase_buildLib_default || function (","            options,","            onError","        ) {","        /*","         * this function will test buildLib's default handling-behavior","         */","            options = {};","            local.buildLib(options, onError);","        };","","        local.testCase_buildReadme_default = local.testCase_buildReadme_default || function (","            options,","            onError","        ) {","        /*","         * this function will test buildReadme's default handling-behavior-behavior","         */","            options = {};","            local.buildReadme(options, onError);","        };","","        local.testCase_buildTest_default = local.testCase_buildTest_default || function (","            options,","            onError","        ) {","        /*","         * this function will test buildTest's default handling-behavior","         */","            options = {};","            local.buildTest(options, onError);","        };","","        local.testCase_webpage_default = local.testCase_webpage_default || function (","            options,","            onError","        ) {","        /*","         * this function will test webpage's default handling-behavior","         */","            options = { modeCoverageMerge: true, url: local.serverLocalHost + '?modeTest=1' };","            local.browserTest(options, onError);","        };","","        // run test-server","        local.testRunServer(local);","        break;","    }","}());",""],"l":{"12":2,"14":2,"19":2,"21":2,"23":2,"24":2,"25":2,"30":1,"37":2,"40":2,"43":1,"47":1,"50":1,"52":1,"55":2,"61":2,"62":2,"64":2,"70":1,"76":1,"82":2,"83":2,"85":2,"92":1,"95":1,"102":1,"109":1,"110":1,"113":1,"120":1,"121":1,"122":1,"123":1,"124":1,"125":1,"128":1,"133":2,"134":2,"137":1,"144":2,"145":2,"148":1,"155":2,"156":2,"159":1,"166":2,"167":2,"170":1,"177":1,"178":1,"182":1,"183":1}},"/home/travis/build/npmtest/node-npmtest-jsoneditor/lib.npmtest_jsoneditor.js":{"path":"/home/travis/build/npmtest/node-npmtest-jsoneditor/lib.npmtest_jsoneditor.js","s":{"1":2,"2":2,"3":2,"4":2,"5":2,"6":2,"7":2,"8":1,"9":2,"10":2,"11":2,"12":2,"13":1,"14":1,"15":1,"16":1},"b":{"1":[2,1,1,1],"2":[1,1,1,1],"3":[1,1],"4":[2,2],"5":[1,1]},"f":{"1":2,"2":2,"3":2},"fnMap":{"1":{"name":"(anonymous_1)","line":12,"loc":{"start":{"line":12,"column":1},"end":{"line":12,"column":13}}},"2":{"name":"(anonymous_2)","line":19,"loc":{"start":{"line":19,"column":5},"end":{"line":19,"column":17}}},"3":{"name":"(anonymous_3)","line":23,"loc":{"start":{"line":23,"column":24},"end":{"line":23,"column":36}}}},"statementMap":{"1":{"start":{"line":12,"column":0},"end":{"line":53,"column":5}},"2":{"start":{"line":14,"column":4},"end":{"line":14,"column":14}},"3":{"start":{"line":19,"column":4},"end":{"line":52,"column":9}},"4":{"start":{"line":21,"column":8},"end":{"line":21,"column":19}},"5":{"start":{"line":23,"column":8},"end":{"line":35,"column":13}},"6":{"start":{"line":24,"column":12},"end":{"line":34,"column":13}},"7":{"start":{"line":25,"column":16},"end":{"line":28,"column":30}},"8":{"start":{"line":30,"column":16},"end":{"line":33,"column":27}},"9":{"start":{"line":37,"column":8},"end":{"line":39,"column":21}},"10":{"start":{"line":41,"column":8},"end":{"line":41,"column":54}},"11":{"start":{"line":43,"column":8},"end":{"line":43,"column":55}},"12":{"start":{"line":45,"column":8},"end":{"line":51,"column":9}},"13":{"start":{"line":46,"column":12},"end":{"line":46,"column":61}},"14":{"start":{"line":48,"column":12},"end":{"line":48,"column":35}},"15":{"start":{"line":49,"column":12},"end":{"line":49,"column":49}},"16":{"start":{"line":50,"column":12},"end":{"line":50,"column":43}}},"branchMap":{"1":{"line":25,"type":"binary-expr","locations":[{"start":{"line":25,"column":23},"end":{"line":25,"column":62}},{"start":{"line":26,"column":20},"end":{"line":26,"column":70}},{"start":{"line":27,"column":20},"end":{"line":27,"column":71}},{"start":{"line":28,"column":20},"end":{"line":28,"column":29}}]},"2":{"line":30,"type":"binary-expr","locations":[{"start":{"line":30,"column":23},"end":{"line":30,"column":37}},{"start":{"line":31,"column":20},"end":{"line":31,"column":61}},{"start":{"line":32,"column":20},"end":{"line":32,"column":70}},{"start":{"line":33,"column":20},"end":{"line":33,"column":26}}]},"3":{"line":37,"type":"cond-expr","locations":[{"start":{"line":38,"column":14},"end":{"line":38,"column":20}},{"start":{"line":39,"column":14},"end":{"line":39,"column":20}}]},"4":{"line":41,"type":"binary-expr","locations":[{"start":{"line":41,"column":16},"end":{"line":41,"column":44}},{"start":{"line":41,"column":48},"end":{"line":41,"column":53}}]},"5":{"line":45,"type":"if","locations":[{"start":{"line":45,"column":8},"end":{"line":45,"column":8}},{"start":{"line":45,"column":8},"end":{"line":45,"column":8}}]}},"code":["/* istanbul instrument in package npmtest_jsoneditor */","/*jslint","    bitwise: true,","    browser: true,","    maxerr: 8,","    maxlen: 96,","    node: true,","    nomen: true,","    regexp: true,","    stupid: true","*/","(function () {","    'use strict';","    var local;","","","","    // run shared js-env code - pre-init","    (function () {","        // init local","        local = {};","        // init modeJs","        local.modeJs = (function () {","            try {","                return typeof navigator.userAgent === 'string' &&","                    typeof document.querySelector('body') === 'object' &&","                    typeof XMLHttpRequest.prototype.open === 'function' &&","                    'browser';","            } catch (errorCaughtBrowser) {","                return module.exports &&","                    typeof process.versions.node === 'string' &&","                    typeof require('http').createServer === 'function' &&","                    'node';","            }","        }());","        // init global","        local.global = local.modeJs === 'browser'","            ? window","            : global;","        // init utility2_rollup","        local = local.global.utility2_rollup || local;","        // init lib","        local.local = local.npmtest_jsoneditor = local;","        // init exports","        if (local.modeJs === 'browser') {","            local.global.utility2_npmtest_jsoneditor = local;","        } else {","            module.exports = local;","            module.exports.__dirname = __dirname;","            module.exports.module = module;","        }","    }());","}());",""],"l":{"12":2,"14":2,"19":2,"21":2,"23":2,"24":2,"25":2,"30":1,"37":2,"41":2,"43":2,"45":2,"46":1,"48":1,"49":1,"50":1}},"/home/travis/build/npmtest/node-npmtest-jsoneditor/example.js":{"path":"/home/travis/build/npmtest/node-npmtest-jsoneditor/example.js","s":{"1":2,"2":2,"3":2,"4":2,"5":2,"6":2,"7":2,"8":1,"9":2,"10":2,"11":2,"12":2,"13":1,"14":2,"15":2,"16":2,"17":2,"18":2,"19":0,"20":2,"21":1,"22":1,"23":1,"24":1,"25":1,"26":0,"27":0,"28":1,"29":1,"30":2,"31":0,"32":0,"33":0,"34":1,"35":2,"36":2,"37":2,"38":2,"39":2,"40":2,"41":0,"42":2,"43":2,"44":2,"45":1,"46":3,"47":1,"48":1,"49":1,"50":1,"51":1,"52":1,"53":1,"54":1,"55":1,"56":1,"57":0,"58":1,"59":6,"60":6,"61":1,"62":2,"63":0,"64":2,"65":1,"66":1,"67":0,"68":0,"69":0,"70":0,"71":0,"72":0,"73":0,"74":0,"75":0,"76":0,"77":0,"78":0,"79":0,"80":0,"81":0,"82":0,"83":0},"b":{"1":[2,1,1,1],"2":[1,1,1,1],"3":[1,1],"4":[2,2],"5":[1,1],"6":[1,1],"7":[2,0],"8":[2,1,1,1,1,1],"9":[0,2,0],"10":[1,1],"11":[2,1,1],"12":[1,0],"13":[0,2],"14":[2,0,0,0,0,0,0],"15":[0,2],"16":[2,0],"17":[1,1],"18":[0,1],"19":[1,2,0,2],"20":[1,0],"21":[1,1],"22":[0,0],"23":[0,0],"24":[0,0],"25":[0,0],"26":[0,0],"27":[0,0],"28":[0,0]},"f":{"1":2,"2":2,"3":2,"4":2,"5":2,"6":2,"7":2,"8":2,"9":3,"10":1,"11":6,"12":0},"fnMap":{"1":{"name":"(anonymous_1)","line":26,"loc":{"start":{"line":26,"column":1},"end":{"line":26,"column":13}}},"2":{"name":"(anonymous_2)","line":33,"loc":{"start":{"line":33,"column":5},"end":{"line":33,"column":17}}},"3":{"name":"(anonymous_3)","line":37,"loc":{"start":{"line":37,"column":24},"end":{"line":37,"column":36}}},"4":{"name":"(anonymous_4)","line":69,"loc":{"start":{"line":69,"column":31},"end":{"line":69,"column":48}},"skip":true},"5":{"name":"(anonymous_5)","line":78,"loc":{"start":{"line":78,"column":26},"end":{"line":78,"column":45}},"skip":true},"6":{"name":"(anonymous_6)","line":123,"loc":{"start":{"line":123,"column":33},"end":{"line":123,"column":48}},"skip":true},"7":{"name":"(anonymous_7)","line":125,"loc":{"start":{"line":125,"column":27},"end":{"line":125,"column":39}},"skip":true},"8":{"name":"(anonymous_8)","line":133,"loc":{"start":{"line":133,"column":59},"end":{"line":133,"column":74}},"skip":true},"9":{"name":"(anonymous_9)","line":143,"loc":{"start":{"line":143,"column":45},"end":{"line":143,"column":62}},"skip":true},"10":{"name":"(anonymous_10)","line":144,"loc":{"start":{"line":144,"column":73},"end":{"line":144,"column":92}},"skip":true},"11":{"name":"(anonymous_11)","line":272,"loc":{"start":{"line":272,"column":51},"end":{"line":272,"column":77}},"skip":true},"12":{"name":"(anonymous_12)","line":314,"loc":{"start":{"line":314,"column":32},"end":{"line":314,"column":61}},"skip":true}},"statementMap":{"1":{"start":{"line":26,"column":0},"end":{"line":325,"column":5}},"2":{"start":{"line":28,"column":4},"end":{"line":28,"column":14}},"3":{"start":{"line":33,"column":4},"end":{"line":60,"column":9}},"4":{"start":{"line":35,"column":8},"end":{"line":35,"column":19}},"5":{"start":{"line":37,"column":8},"end":{"line":49,"column":13}},"6":{"start":{"line":38,"column":12},"end":{"line":48,"column":13}},"7":{"start":{"line":39,"column":16},"end":{"line":42,"column":30}},"8":{"start":{"line":44,"column":16},"end":{"line":47,"column":27}},"9":{"start":{"line":51,"column":8},"end":{"line":53,"column":21}},"10":{"start":{"line":55,"column":8},"end":{"line":57,"column":45}},"11":{"start":{"line":59,"column":8},"end":{"line":59,"column":35}},"12":{"start":{"line":61,"column":4},"end":{"line":324,"column":5}},"13":{"start":{"line":69,"column":8},"end":{"line":121,"column":10},"skip":true},"14":{"start":{"line":70,"column":12},"end":{"line":88,"column":13},"skip":true},"15":{"start":{"line":76,"column":16},"end":{"line":87,"column":19},"skip":true},"16":{"start":{"line":79,"column":20},"end":{"line":86,"column":21},"skip":true},"17":{"start":{"line":82,"column":24},"end":{"line":82,"column":43},"skip":true},"18":{"start":{"line":83,"column":24},"end":{"line":83,"column":30},"skip":true},"19":{"start":{"line":85,"column":24},"end":{"line":85,"column":49},"skip":true},"20":{"start":{"line":89,"column":12},"end":{"line":107,"column":13},"skip":true},"21":{"start":{"line":92,"column":16},"end":{"line":102,"column":17},"skip":true},"22":{"start":{"line":93,"column":20},"end":{"line":93,"column":86},"skip":true},"23":{"start":{"line":94,"column":20},"end":{"line":95,"column":45},"skip":true},"24":{"start":{"line":96,"column":20},"end":{"line":96,"column":42},"skip":true},"25":{"start":{"line":97,"column":20},"end":{"line":97,"column":48},"skip":true},"26":{"start":{"line":100,"column":20},"end":{"line":100,"column":85},"skip":true},"27":{"start":{"line":101,"column":20},"end":{"line":101,"column":96},"skip":true},"28":{"start":{"line":103,"column":16},"end":{"line":103,"column":22},"skip":true},"29":{"start":{"line":106,"column":16},"end":{"line":106,"column":22},"skip":true},"30":{"start":{"line":108,"column":12},"end":{"line":120,"column":13},"skip":true},"31":{"start":{"line":114,"column":16},"end":{"line":119,"column":17},"skip":true},"32":{"start":{"line":116,"column":20},"end":{"line":116,"column":78},"skip":true},"33":{"start":{"line":118,"column":20},"end":{"line":118,"column":47},"skip":true},"34":{"start":{"line":123,"column":8},"end":{"line":141,"column":11},"skip":true},"35":{"start":{"line":124,"column":12},"end":{"line":124,"column":54},"skip":true},"36":{"start":{"line":125,"column":12},"end":{"line":140,"column":14},"skip":true},"37":{"start":{"line":126,"column":16},"end":{"line":126,"column":28},"skip":true},"38":{"start":{"line":127,"column":16},"end":{"line":127,"column":69},"skip":true},"39":{"start":{"line":128,"column":16},"end":{"line":128,"column":75},"skip":true},"40":{"start":{"line":129,"column":16},"end":{"line":131,"column":17},"skip":true},"41":{"start":{"line":130,"column":20},"end":{"line":130,"column":27},"skip":true},"42":{"start":{"line":133,"column":16},"end":{"line":137,"column":36},"skip":true},"43":{"start":{"line":134,"column":20},"end":{"line":136,"column":55},"skip":true},"44":{"start":{"line":139,"column":16},"end":{"line":139,"column":57},"skip":true},"45":{"start":{"line":143,"column":8},"end":{"line":147,"column":11},"skip":true},"46":{"start":{"line":144,"column":12},"end":{"line":146,"column":15},"skip":true},"47":{"start":{"line":145,"column":16},"end":{"line":145,"column":70},"skip":true},"48":{"start":{"line":149,"column":8},"end":{"line":149,"column":31},"skip":true},"49":{"start":{"line":150,"column":8},"end":{"line":150,"column":14},"skip":true},"50":{"start":{"line":158,"column":8},"end":{"line":158,"column":31},"skip":true},"51":{"start":{"line":160,"column":8},"end":{"line":160,"column":33},"skip":true},"52":{"start":{"line":161,"column":8},"end":{"line":161,"column":37},"skip":true},"53":{"start":{"line":162,"column":8},"end":{"line":162,"column":35},"skip":true},"54":{"start":{"line":164,"column":8},"end":{"line":164,"column":50},"skip":true},"55":{"start":{"line":166,"column":8},"end":{"line":256,"column":2},"skip":true},"56":{"start":{"line":258,"column":8},"end":{"line":286,"column":9},"skip":true},"57":{"start":{"line":259,"column":12},"end":{"line":269,"column":14},"skip":true},"58":{"start":{"line":271,"column":12},"end":{"line":285,"column":19},"skip":true},"59":{"start":{"line":274,"column":20},"end":{"line":274,"column":35},"skip":true},"60":{"start":{"line":275,"column":20},"end":{"line":284,"column":21},"skip":true},"61":{"start":{"line":277,"column":24},"end":{"line":277,"column":64},"skip":true},"62":{"start":{"line":279,"column":24},"end":{"line":279,"column":40},"skip":true},"63":{"start":{"line":281,"column":24},"end":{"line":281,"column":40},"skip":true},"64":{"start":{"line":283,"column":24},"end":{"line":283,"column":39},"skip":true},"65":{"start":{"line":288,"column":8},"end":{"line":290,"column":9},"skip":true},"66":{"start":{"line":289,"column":12},"end":{"line":289,"column":18},"skip":true},"67":{"start":{"line":291,"column":8},"end":{"line":293,"column":54},"skip":true},"68":{"start":{"line":294,"column":8},"end":{"line":301,"column":37},"skip":true},"69":{"start":{"line":302,"column":8},"end":{"line":302,"column":82},"skip":true},"70":{"start":{"line":305,"column":8},"end":{"line":307,"column":9},"skip":true},"71":{"start":{"line":306,"column":12},"end":{"line":306,"column":82},"skip":true},"72":{"start":{"line":309,"column":8},"end":{"line":311,"column":9},"skip":true},"73":{"start":{"line":310,"column":12},"end":{"line":310,"column":18},"skip":true},"74":{"start":{"line":312,"column":8},"end":{"line":312,"column":54},"skip":true},"75":{"start":{"line":313,"column":8},"end":{"line":313,"column":69},"skip":true},"76":{"start":{"line":314,"column":8},"end":{"line":322,"column":36},"skip":true},"77":{"start":{"line":315,"column":12},"end":{"line":315,"column":61},"skip":true},"78":{"start":{"line":316,"column":12},"end":{"line":319,"column":13},"skip":true},"79":{"start":{"line":317,"column":16},"end":{"line":317,"column":75},"skip":true},"80":{"start":{"line":318,"column":16},"end":{"line":318,"column":23},"skip":true},"81":{"start":{"line":320,"column":12},"end":{"line":320,"column":38},"skip":true},"82":{"start":{"line":321,"column":12},"end":{"line":321,"column":27},"skip":true},"83":{"start":{"line":323,"column":8},"end":{"line":323,"column":14},"skip":true}},"branchMap":{"1":{"line":39,"type":"binary-expr","locations":[{"start":{"line":39,"column":23},"end":{"line":39,"column":62}},{"start":{"line":40,"column":20},"end":{"line":40,"column":70}},{"start":{"line":41,"column":20},"end":{"line":41,"column":71}},{"start":{"line":42,"column":20},"end":{"line":42,"column":29}}]},"2":{"line":44,"type":"binary-expr","locations":[{"start":{"line":44,"column":23},"end":{"line":44,"column":37}},{"start":{"line":45,"column":20},"end":{"line":45,"column":61}},{"start":{"line":46,"column":20},"end":{"line":46,"column":70}},{"start":{"line":47,"column":20},"end":{"line":47,"column":26}}]},"3":{"line":51,"type":"cond-expr","locations":[{"start":{"line":52,"column":14},"end":{"line":52,"column":20}},{"start":{"line":53,"column":14},"end":{"line":53,"column":20}}]},"4":{"line":55,"type":"binary-expr","locations":[{"start":{"line":55,"column":16},"end":{"line":55,"column":44}},{"start":{"line":55,"column":49},"end":{"line":57,"column":43}}]},"5":{"line":55,"type":"cond-expr","locations":[{"start":{"line":56,"column":14},"end":{"line":56,"column":54}},{"start":{"line":57,"column":14},"end":{"line":57,"column":43}}]},"6":{"line":61,"type":"switch","locations":[{"start":{"line":68,"column":4},"end":{"line":150,"column":14},"skip":true},{"start":{"line":156,"column":4},"end":{"line":323,"column":14},"skip":true}]},"7":{"line":70,"type":"if","locations":[{"start":{"line":70,"column":12},"end":{"line":70,"column":12},"skip":true},{"start":{"line":70,"column":12},"end":{"line":70,"column":12},"skip":true}]},"8":{"line":70,"type":"binary-expr","locations":[{"start":{"line":70,"column":16},"end":{"line":70,"column":22},"skip":true},{"start":{"line":70,"column":27},"end":{"line":70,"column":32},"skip":true},{"start":{"line":71,"column":20},"end":{"line":71,"column":39},"skip":true},{"start":{"line":72,"column":20},"end":{"line":72,"column":49},"skip":true},{"start":{"line":73,"column":20},"end":{"line":73,"column":58},"skip":true},{"start":{"line":74,"column":20},"end":{"line":74,"column":69},"skip":true}]},"9":{"line":79,"type":"switch","locations":[{"start":{"line":80,"column":20},"end":{"line":80,"column":33},"skip":true},{"start":{"line":81,"column":20},"end":{"line":83,"column":30},"skip":true},{"start":{"line":84,"column":20},"end":{"line":85,"column":49},"skip":true}]},"10":{"line":89,"type":"switch","locations":[{"start":{"line":90,"column":12},"end":{"line":103,"column":22},"skip":true},{"start":{"line":105,"column":12},"end":{"line":106,"column":22},"skip":true}]},"11":{"line":89,"type":"binary-expr","locations":[{"start":{"line":89,"column":20},"end":{"line":89,"column":25},"skip":true},{"start":{"line":89,"column":29},"end":{"line":89,"column":48},"skip":true},{"start":{"line":89,"column":52},"end":{"line":89,"column":74},"skip":true}]},"12":{"line":92,"type":"if","locations":[{"start":{"line":92,"column":16},"end":{"line":92,"column":16},"skip":true},{"start":{"line":92,"column":16},"end":{"line":92,"column":16},"skip":true}]},"13":{"line":108,"type":"if","locations":[{"start":{"line":108,"column":12},"end":{"line":108,"column":12},"skip":true},{"start":{"line":108,"column":12},"end":{"line":108,"column":12},"skip":true}]},"14":{"line":108,"type":"binary-expr","locations":[{"start":{"line":108,"column":16},"end":{"line":108,"column":61},"skip":true},{"start":{"line":108,"column":66},"end":{"line":108,"column":72},"skip":true},{"start":{"line":108,"column":77},"end":{"line":108,"column":82},"skip":true},{"start":{"line":109,"column":20},"end":{"line":109,"column":39},"skip":true},{"start":{"line":110,"column":20},"end":{"line":110,"column":49},"skip":true},{"start":{"line":111,"column":20},"end":{"line":111,"column":58},"skip":true},{"start":{"line":112,"column":20},"end":{"line":112,"column":68},"skip":true}]},"15":{"line":129,"type":"if","locations":[{"start":{"line":129,"column":16},"end":{"line":129,"column":16},"skip":true},{"start":{"line":129,"column":16},"end":{"line":129,"column":16},"skip":true}]},"16":{"line":134,"type":"cond-expr","locations":[{"start":{"line":135,"column":26},"end":{"line":135,"column":29},"skip":true},{"start":{"line":136,"column":26},"end":{"line":136,"column":54},"skip":true}]},"17":{"line":164,"type":"binary-expr","locations":[{"start":{"line":164,"column":27},"end":{"line":164,"column":43},"skip":true},{"start":{"line":164,"column":47},"end":{"line":164,"column":49},"skip":true}]},"18":{"line":258,"type":"if","locations":[{"start":{"line":258,"column":8},"end":{"line":258,"column":8},"skip":true},{"start":{"line":258,"column":8},"end":{"line":258,"column":8},"skip":true}]},"19":{"line":275,"type":"switch","locations":[{"start":{"line":276,"column":20},"end":{"line":277,"column":64},"skip":true},{"start":{"line":278,"column":20},"end":{"line":279,"column":40},"skip":true},{"start":{"line":280,"column":20},"end":{"line":281,"column":40},"skip":true},{"start":{"line":282,"column":20},"end":{"line":283,"column":39},"skip":true}]},"20":{"line":288,"type":"if","locations":[{"start":{"line":288,"column":8},"end":{"line":288,"column":8},"skip":true},{"start":{"line":288,"column":8},"end":{"line":288,"column":8},"skip":true}]},"21":{"line":288,"type":"binary-expr","locations":[{"start":{"line":288,"column":12},"end":{"line":288,"column":40},"skip":true},{"start":{"line":288,"column":44},"end":{"line":288,"column":67},"skip":true}]},"22":{"line":292,"type":"binary-expr","locations":[{"start":{"line":292,"column":12},"end":{"line":292,"column":50},"skip":true},{"start":{"line":293,"column":12},"end":{"line":293,"column":53},"skip":true}]},"23":{"line":295,"type":"binary-expr","locations":[{"start":{"line":295,"column":12},"end":{"line":295,"column":68},"skip":true},{"start":{"line":296,"column":12},"end":{"line":301,"column":36},"skip":true}]},"24":{"line":302,"type":"binary-expr","locations":[{"start":{"line":302,"column":43},"end":{"line":302,"column":75},"skip":true},{"start":{"line":302,"column":79},"end":{"line":302,"column":81},"skip":true}]},"25":{"line":305,"type":"if","locations":[{"start":{"line":305,"column":8},"end":{"line":305,"column":8},"skip":true},{"start":{"line":305,"column":8},"end":{"line":305,"column":8},"skip":true}]},"26":{"line":309,"type":"if","locations":[{"start":{"line":309,"column":8},"end":{"line":309,"column":8},"skip":true},{"start":{"line":309,"column":8},"end":{"line":309,"column":8},"skip":true}]},"27":{"line":312,"type":"binary-expr","locations":[{"start":{"line":312,"column":27},"end":{"line":312,"column":43},"skip":true},{"start":{"line":312,"column":47},"end":{"line":312,"column":53},"skip":true}]},"28":{"line":316,"type":"if","locations":[{"start":{"line":316,"column":12},"end":{"line":316,"column":12},"skip":true},{"start":{"line":316,"column":12},"end":{"line":316,"column":12},"skip":true}]}},"code":["/*","example.js","","quickstart example","","instruction","    1. save this script as example.js","    2. run the shell command:","        $ npm install npmtest-jsoneditor && PORT=8081 node example.js","    3. play with the browser-demo on http://127.0.0.1:8081","*/","","","","/* istanbul instrument in package npmtest_jsoneditor */","/*jslint","    bitwise: true,","    browser: true,","    maxerr: 8,","    maxlen: 96,","    node: true,","    nomen: true,","    regexp: true,","    stupid: true","*/","(function () {","    'use strict';","    var local;","","","","    // run shared js-env code - pre-init","    (function () {","        // init local","        local = {};","        // init modeJs","        local.modeJs = (function () {","            try {","                return typeof navigator.userAgent === 'string' &&","                    typeof document.querySelector('body') === 'object' &&","                    typeof XMLHttpRequest.prototype.open === 'function' &&","                    'browser';","            } catch (errorCaughtBrowser) {","                return module.exports &&","                    typeof process.versions.node === 'string' &&","                    typeof require('http').createServer === 'function' &&","                    'node';","            }","        }());","        // init global","        local.global = local.modeJs === 'browser'","            ? window","            : global;","        // init utility2_rollup","        local = local.global.utility2_rollup || (local.modeJs === 'browser'","            ? local.global.utility2_npmtest_jsoneditor","            : global.utility2_moduleExports);","        // export local","        local.global.local = local;","    }());","    switch (local.modeJs) {","","","","    // post-init","    // run browser js-env code - post-init","    /* istanbul ignore next */","    case 'browser':","        local.testRunBrowser = function (event) {","            if (!event || (event &&","                    event.currentTarget &&","                    event.currentTarget.className &&","                    event.currentTarget.className.includes &&","                    event.currentTarget.className.includes('onreset'))) {","                // reset output","                Array.from(","                    document.querySelectorAll('body > .resettable')","                ).forEach(function (element) {","                    switch (element.tagName) {","                    case 'INPUT':","                    case 'TEXTAREA':","                        element.value = '';","                        break;","                    default:","                        element.textContent = '';","                    }","                });","            }","            switch (event && event.currentTarget && event.currentTarget.id) {","            case 'testRunButton1':","                // show tests","                if (document.querySelector('#testReportDiv1').style.display === 'none') {","                    document.querySelector('#testReportDiv1').style.display = 'block';","                    document.querySelector('#testRunButton1').textContent =","                        'hide internal test';","                    local.modeTest = true;","                    local.testRunDefault(local);","                // hide tests","                } else {","                    document.querySelector('#testReportDiv1').style.display = 'none';","                    document.querySelector('#testRunButton1').textContent = 'run internal test';","                }","                break;","            // custom-case","            default:","                break;","            }","            if (document.querySelector('#inputTextareaEval1') && (!event || (event &&","                    event.currentTarget &&","                    event.currentTarget.className &&","                    event.currentTarget.className.includes &&","                    event.currentTarget.className.includes('oneval')))) {","                // try to eval input-code","                try {","                    /*jslint evil: true*/","                    eval(document.querySelector('#inputTextareaEval1').value);","                } catch (errorCaught) {","                    console.error(errorCaught);","                }","            }","        };","        // log stderr and stdout to #outputTextareaStdout1","        ['error', 'log'].forEach(function (key) {","            console[key + '_original'] = console[key];","            console[key] = function () {","                var element;","                console[key + '_original'].apply(console, arguments);","                element = document.querySelector('#outputTextareaStdout1');","                if (!element) {","                    return;","                }","                // append text to #outputTextareaStdout1","                element.value += Array.from(arguments).map(function (arg) {","                    return typeof arg === 'string'","                        ? arg","                        : JSON.stringify(arg, null, 4);","                }).join(' ') + '\\n';","                // scroll textarea to bottom","                element.scrollTop = element.scrollHeight;","            };","        });","        // init event-handling","        ['change', 'click', 'keyup'].forEach(function (event) {","            Array.from(document.querySelectorAll('.on' + event)).forEach(function (element) {","                element.addEventListener(event, local.testRunBrowser);","            });","        });","        // run tests","        local.testRunBrowser();","        break;","","","","    // run node js-env code - post-init","    /* istanbul ignore next */","    case 'node':","        // export local","        module.exports = local;","        // require modules","        local.fs = require('fs');","        local.http = require('http');","        local.url = require('url');","        // init assets","        local.assetsDict = local.assetsDict || {};","        /* jslint-ignore-begin */","        local.assetsDict['/assets.index.template.html'] = '\\","<!doctype html>\\n\\","<html lang=\"en\">\\n\\","<head>\\n\\","<meta charset=\"UTF-8\">\\n\\","<meta name=\"viewport\" content=\"width=device-width, initial-scale=1\">\\n\\","<title>{{env.npm_package_name}} (v{{env.npm_package_version}})</title>\\n\\","<style>\\n\\","/*csslint\\n\\","    box-sizing: false,\\n\\","    universal-selector: false\\n\\","*/\\n\\","* {\\n\\","    box-sizing: border-box;\\n\\","}\\n\\","body {\\n\\","    background: #dde;\\n\\","    font-family: Arial, Helvetica, sans-serif;\\n\\","    margin: 2rem;\\n\\","}\\n\\","body > * {\\n\\","    margin-bottom: 1rem;\\n\\","}\\n\\",".utility2FooterDiv {\\n\\","    margin-top: 20px;\\n\\","    text-align: center;\\n\\","}\\n\\","</style>\\n\\","<style>\\n\\","/*csslint\\n\\","*/\\n\\","textarea {\\n\\","    font-family: monospace;\\n\\","    height: 10rem;\\n\\","    width: 100%;\\n\\","}\\n\\","textarea[readonly] {\\n\\","    background: #ddd;\\n\\","}\\n\\","</style>\\n\\","</head>\\n\\","<body>\\n\\","<!-- utility2-comment\\n\\","<div id=\"ajaxProgressDiv1\" style=\"background: #d00; height: 2px; left: 0; margin: 0; padding: 0; position: fixed; top: 0; transition: background 0.5s, width 1.5s; width: 25%;\"></div>\\n\\","utility2-comment -->\\n\\","<h1>\\n\\","<!-- utility2-comment\\n\\","    <a\\n\\","        {{#if env.npm_package_homepage}}\\n\\","        href=\"{{env.npm_package_homepage}}\"\\n\\","        {{/if env.npm_package_homepage}}\\n\\","        target=\"_blank\"\\n\\","    >\\n\\","utility2-comment -->\\n\\","        {{env.npm_package_name}} (v{{env.npm_package_version}})\\n\\","<!-- utility2-comment\\n\\","    </a>\\n\\","utility2-comment -->\\n\\","</h1>\\n\\","<h3>{{env.npm_package_description}}</h3>\\n\\","<!-- utility2-comment\\n\\","<h4><a download href=\"assets.app.js\">download standalone app</a></h4>\\n\\","<button class=\"onclick onreset\" id=\"testRunButton1\">run internal test</button><br>\\n\\","<div id=\"testReportDiv1\" style=\"display: none;\"></div>\\n\\","utility2-comment -->\\n\\","\\n\\","\\n\\","\\n\\","<label>stderr and stdout</label>\\n\\","<textarea class=\"resettable\" id=\"outputTextareaStdout1\" readonly></textarea>\\n\\","<!-- utility2-comment\\n\\","{{#if isRollup}}\\n\\","<script src=\"assets.app.js\"></script>\\n\\","{{#unless isRollup}}\\n\\","utility2-comment -->\\n\\","<script src=\"assets.utility2.rollup.js\"></script>\\n\\","<script src=\"jsonp.utility2._stateInit?callback=window.utility2._stateInit\"></script>\\n\\","<script src=\"assets.npmtest_jsoneditor.rollup.js\"></script>\\n\\","<script src=\"assets.example.js\"></script>\\n\\","<script src=\"assets.test.js\"></script>\\n\\","<!-- utility2-comment\\n\\","{{/if isRollup}}\\n\\","utility2-comment -->\\n\\","<div class=\"utility2FooterDiv\">\\n\\","    [ this app was created with\\n\\","    <a href=\"https://github.com/kaizhu256/node-utility2\" target=\"_blank\">utility2</a>\\n\\","    ]\\n\\","</div>\\n\\","</body>\\n\\","</html>\\n\\","';","        /* jslint-ignore-end */","        if (local.templateRender) {","            local.assetsDict['/'] = local.templateRender(","                local.assetsDict['/assets.index.template.html'],","                {","                    env: local.objectSetDefault(local.env, {","                        npm_package_description: 'the greatest app in the world!',","                        npm_package_name: 'my-app',","                        npm_package_nameAlias: 'my_app',","                        npm_package_version: '0.0.1'","                    })","                }","            );","        } else {","            local.assetsDict['/'] = local.assetsDict['/assets.index.template.html']","                .replace((/\\{\\{env\\.(\\w+?)\\}\\}/g), function (match0, match1) {","                    // jslint-hack","                    String(match0);","                    switch (match1) {","                    case 'npm_package_description':","                        return 'the greatest app in the world!';","                    case 'npm_package_name':","                        return 'my-app';","                    case 'npm_package_nameAlias':","                        return 'my_app';","                    case 'npm_package_version':","                        return '0.0.1';","                    }","                });","        }","        // run the cli","        if (local.global.utility2_rollup || module !== require.main) {","            break;","        }","        local.assetsDict['/assets.example.js'] =","            local.assetsDict['/assets.example.js'] ||","            local.fs.readFileSync(__filename, 'utf8');","        local.assetsDict['/assets.npmtest_jsoneditor.rollup.js'] =","            local.assetsDict['/assets.npmtest_jsoneditor.rollup.js'] ||","            local.fs.readFileSync(","                // buildCustomOrg-hack","                local.npmtest_jsoneditor.__dirname +","                    '/lib.npmtest_jsoneditor.js',","                'utf8'","            ).replace((/^#!/), '//');","        local.assetsDict['/favicon.ico'] = local.assetsDict['/favicon.ico'] || '';","        // if $npm_config_timeout_exit exists,","        // then exit this process after $npm_config_timeout_exit ms","        if (Number(process.env.npm_config_timeout_exit)) {","            setTimeout(process.exit, Number(process.env.npm_config_timeout_exit));","        }","        // start server","        if (local.global.utility2_serverHttp1) {","            break;","        }","        process.env.PORT = process.env.PORT || '8081';","        console.error('server starting on port ' + process.env.PORT);","        local.http.createServer(function (request, response) {","            request.urlParsed = local.url.parse(request.url);","            if (local.assetsDict[request.urlParsed.pathname] !== undefined) {","                response.end(local.assetsDict[request.urlParsed.pathname]);","                return;","            }","            response.statusCode = 404;","            response.end();","        }).listen(process.env.PORT);","        break;","    }","}());",""],"l":{"26":2,"28":2,"33":2,"35":2,"37":2,"38":2,"39":2,"44":1,"51":2,"55":2,"59":2,"61":2,"69":1,"70":2,"76":2,"79":2,"82":2,"83":2,"85":1,"89":2,"92":1,"93":1,"94":1,"96":1,"97":1,"100":1,"101":1,"103":1,"106":1,"108":2,"114":1,"116":1,"118":1,"123":1,"124":2,"125":2,"126":2,"127":2,"128":2,"129":2,"130":1,"133":2,"134":2,"139":2,"143":1,"144":3,"145":1,"149":1,"150":1,"158":1,"160":1,"161":1,"162":1,"164":1,"166":1,"258":1,"259":1,"271":1,"274":6,"275":6,"277":1,"279":2,"281":1,"283":2,"288":1,"289":1,"291":1,"294":1,"302":1,"305":1,"306":1,"309":1,"310":1,"312":1,"313":1,"314":1,"315":1,"316":1,"317":1,"318":1,"320":1,"321":1,"323":1}},"/home/travis/build/npmtest/node-npmtest-jsoneditor/node_modules/jsoneditor/index.js":{"path":"/home/travis/build/npmtest/node-npmtest-jsoneditor/node_modules/jsoneditor/index.js","s":{"1":3},"b":{},"f":{},"fnMap":{},"statementMap":{"1":{"start":{"line":1,"column":0},"end":{"line":1,"column":48}}},"branchMap":{},"code":["module.exports = require('./src/js/JSONEditor');",""],"l":{"1":3}},"/home/travis/build/npmtest/node-npmtest-jsoneditor/node_modules/jsoneditor/src/js/JSONEditor.js":{"path":"/home/travis/build/npmtest/node-npmtest-jsoneditor/node_modules/jsoneditor/src/js/JSONEditor.js","s":{"1":3,"2":3,"3":3,"4":3,"5":3,"6":0,"7":1,"8":0,"9":0,"10":0,"11":0,"12":0,"13":0,"14":0,"15":0,"16":0,"17":0,"18":0,"19":0,"20":0,"21":0,"22":0,"23":0,"24":0,"25":0,"26":0,"27":0,"28":0,"29":0,"30":0,"31":0,"32":0,"33":0,"34":0,"35":0,"36":0,"37":0,"38":0,"39":0,"40":0,"41":0,"42":0,"43":0,"44":0,"45":0,"46":0,"47":0,"48":0,"49":0,"50":0,"51":0,"52":0,"53":0,"54":0,"55":0,"56":0,"57":0,"58":0,"59":0,"60":0,"61":0,"62":0,"63":0,"64":0,"65":0,"66":0,"67":0,"68":0,"69":0,"70":0,"71":0,"72":0,"73":0,"74":0,"75":0,"76":0,"77":0,"78":0,"79":0,"80":0,"81":0,"82":0,"83":0,"84":0,"85":0,"86":0,"87":0,"88":0,"89":0,"90":0,"91":0,"92":0,"93":0,"94":0,"95":0,"96":0,"97":0,"98":0,"99":0,"100":0,"101":0,"102":0,"103":0,"104":0,"105":0,"106":0,"107":0,"108":0,"109":0,"110":0,"111":0,"112":0,"113":0,"114":0,"115":0,"116":0,"117":0,"118":0,"119":0,"120":0,"121":0,"122":0,"123":0,"124":0,"125":0,"126":0,"127":0,"128":0,"129":0,"130":0,"131":0,"132":0},"b":{"1":[0,0],"2":[0,0],"3":[0,0],"4":[0,0],"5":[0,0],"6":[0,0],"7":[0,0],"8":[0,0],"9":[0,0],"10":[0,0],"11":[0,0],"12":[0,0],"13":[0,0],"14":[0,0],"15":[0,0],"16":[0,0],"17":[0,0],"18":[0,0],"19":[0,0],"20":[0,0],"21":[0,0],"22":[0,0],"23":[0,0],"24":[0,0],"25":[0,0],"26":[0,0],"27":[0,0],"28":[0,0],"29":[0,0],"30":[0,0],"31":[0,0],"32":[0,0],"33":[0,0]},"f":{"1":0,"2":0,"3":0,"4":0,"5":0,"6":0,"7":0,"8":0,"9":0,"10":0,"11":0,"12":0,"13":0,"14":0,"15":0,"16":0,"17":0},"fnMap":{"1":{"name":"JSONEditor","line":49,"loc":{"start":{"line":49,"column":0},"end":{"line":49,"column":47}}},"2":{"name":"(anonymous_2)","line":88,"loc":{"start":{"line":88,"column":35},"end":{"line":88,"column":53}}},"3":{"name":"(anonymous_3)","line":128,"loc":{"start":{"line":128,"column":31},"end":{"line":128,"column":67}}},"4":{"name":"(anonymous_4)","line":140,"loc":{"start":{"line":140,"column":31},"end":{"line":140,"column":43}}},"5":{"name":"(anonymous_5)","line":146,"loc":{"start":{"line":146,"column":27},"end":{"line":146,"column":43}}},"6":{"name":"(anonymous_6)","line":154,"loc":{"start":{"line":154,"column":27},"end":{"line":154,"column":39}}},"7":{"name":"(anonymous_7)","line":162,"loc":{"start":{"line":162,"column":31},"end":{"line":162,"column":51}}},"8":{"name":"(anonymous_8)","line":170,"loc":{"start":{"line":170,"column":31},"end":{"line":170,"column":43}}},"9":{"name":"(anonymous_9)","line":178,"loc":{"start":{"line":178,"column":31},"end":{"line":178,"column":47}}},"10":{"name":"(anonymous_10)","line":189,"loc":{"start":{"line":189,"column":31},"end":{"line":189,"column":43}}},"11":{"name":"(anonymous_11)","line":199,"loc":{"start":{"line":199,"column":31},"end":{"line":199,"column":47}}},"12":{"name":"(anonymous_12)","line":253,"loc":{"start":{"line":253,"column":31},"end":{"line":253,"column":43}}},"13":{"name":"(anonymous_13)","line":263,"loc":{"start":{"line":263,"column":32},"end":{"line":263,"column":46}}},"14":{"name":"(anonymous_14)","line":277,"loc":{"start":{"line":277,"column":33},"end":{"line":277,"column":51}}},"15":{"name":"(anonymous_15)","line":316,"loc":{"start":{"line":316,"column":32},"end":{"line":316,"column":44}}},"16":{"name":"(anonymous_16)","line":323,"loc":{"start":{"line":323,"column":31},"end":{"line":323,"column":43}}},"17":{"name":"(anonymous_17)","line":346,"loc":{"start":{"line":346,"column":26},"end":{"line":346,"column":42}}}},"statementMap":{"1":{"start":{"line":3,"column":0},"end":{"line":3,"column":8}},"2":{"start":{"line":4,"column":0},"end":{"line":9,"column":1}},"3":{"start":{"line":5,"column":2},"end":{"line":5,"column":23}},"4":{"start":{"line":11,"column":0},"end":{"line":11,"column":37}},"5":{"start":{"line":12,"column":0},"end":{"line":12,"column":37}},"6":{"start":{"line":13,"column":0},"end":{"line":13,"column":29}},"7":{"start":{"line":49,"column":0},"end":{"line":99,"column":1}},"8":{"start":{"line":50,"column":2},"end":{"line":52,"column":3}},"9":{"start":{"line":51,"column":4},"end":{"line":51,"column":68}},"10":{"start":{"line":55,"column":2},"end":{"line":55,"column":52}},"11":{"start":{"line":56,"column":2},"end":{"line":59,"column":3}},"12":{"start":{"line":57,"column":4},"end":{"line":58,"column":62}},"13":{"start":{"line":61,"column":2},"end":{"line":94,"column":3}},"14":{"start":{"line":63,"column":4},"end":{"line":67,"column":5}},"15":{"start":{"line":64,"column":6},"end":{"line":64,"column":67}},"16":{"start":{"line":65,"column":6},"end":{"line":65,"column":38}},"17":{"start":{"line":66,"column":6},"end":{"line":66,"column":27}},"18":{"start":{"line":68,"column":4},"end":{"line":72,"column":5}},"19":{"start":{"line":69,"column":6},"end":{"line":69,"column":69}},"20":{"start":{"line":70,"column":6},"end":{"line":70,"column":40}},"21":{"start":{"line":71,"column":6},"end":{"line":71,"column":28}},"22":{"start":{"line":73,"column":4},"end":{"line":77,"column":5}},"23":{"start":{"line":74,"column":6},"end":{"line":74,"column":73}},"24":{"start":{"line":75,"column":6},"end":{"line":75,"column":44}},"25":{"start":{"line":76,"column":6},"end":{"line":76,"column":30}},"26":{"start":{"line":80,"column":4},"end":{"line":93,"column":5}},"27":{"start":{"line":81,"column":6},"end":{"line":86,"column":8}},"28":{"start":{"line":88,"column":6},"end":{"line":92,"column":9}},"29":{"start":{"line":89,"column":8},"end":{"line":91,"column":9}},"30":{"start":{"line":90,"column":10},"end":{"line":90,"column":87}},"31":{"start":{"line":96,"column":2},"end":{"line":98,"column":3}},"32":{"start":{"line":97,"column":4},"end":{"line":97,"column":43}},"33":{"start":{"line":116,"column":0},"end":{"line":116,"column":22}},"34":{"start":{"line":119,"column":0},"end":{"line":119,"column":45}},"35":{"start":{"line":128,"column":0},"end":{"line":135,"column":2}},"36":{"start":{"line":129,"column":2},"end":{"line":129,"column":29}},"37":{"start":{"line":130,"column":2},"end":{"line":130,"column":31}},"38":{"start":{"line":131,"column":2},"end":{"line":131,"column":25}},"39":{"start":{"line":133,"column":2},"end":{"line":133,"column":41}},"40":{"start":{"line":134,"column":2},"end":{"line":134,"column":21}},"41":{"start":{"line":140,"column":0},"end":{"line":140,"column":46}},"42":{"start":{"line":146,"column":0},"end":{"line":148,"column":2}},"43":{"start":{"line":147,"column":2},"end":{"line":147,"column":19}},"44":{"start":{"line":154,"column":0},"end":{"line":156,"column":2}},"45":{"start":{"line":155,"column":2},"end":{"line":155,"column":19}},"46":{"start":{"line":162,"column":0},"end":{"line":164,"column":2}},"47":{"start":{"line":163,"column":2},"end":{"line":163,"column":35}},"48":{"start":{"line":170,"column":0},"end":{"line":172,"column":2}},"49":{"start":{"line":171,"column":2},"end":{"line":171,"column":35}},"50":{"start":{"line":178,"column":0},"end":{"line":183,"column":2}},"51":{"start":{"line":179,"column":2},"end":{"line":181,"column":3}},"52":{"start":{"line":180,"column":4},"end":{"line":180,"column":22}},"53":{"start":{"line":182,"column":2},"end":{"line":182,"column":27}},"54":{"start":{"line":189,"column":0},"end":{"line":191,"column":2}},"55":{"start":{"line":190,"column":2},"end":{"line":190,"column":43}},"56":{"start":{"line":199,"column":0},"end":{"line":247,"column":2}},"57":{"start":{"line":200,"column":2},"end":{"line":200,"column":33}},"58":{"start":{"line":201,"column":2},"end":{"line":201,"column":46}},"59":{"start":{"line":202,"column":2},"end":{"line":202,"column":29}},"60":{"start":{"line":203,"column":2},"end":{"line":203,"column":11}},"61":{"start":{"line":204,"column":2},"end":{"line":204,"column":11}},"62":{"start":{"line":206,"column":2},"end":{"line":206,"column":22}},"63":{"start":{"line":207,"column":2},"end":{"line":207,"column":38}},"64":{"start":{"line":208,"column":2},"end":{"line":246,"column":3}},"65":{"start":{"line":209,"column":4},"end":{"line":242,"column":5}},"66":{"start":{"line":210,"column":6},"end":{"line":210,"column":43}},"67":{"start":{"line":211,"column":6},"end":{"line":211,"column":28}},"68":{"start":{"line":212,"column":6},"end":{"line":212,"column":48}},"69":{"start":{"line":214,"column":6},"end":{"line":214,"column":21}},"70":{"start":{"line":215,"column":6},"end":{"line":215,"column":23}},"71":{"start":{"line":216,"column":6},"end":{"line":216,"column":38}},"72":{"start":{"line":217,"column":6},"end":{"line":217,"column":38}},"73":{"start":{"line":219,"column":6},"end":{"line":219,"column":25}},"74":{"start":{"line":220,"column":6},"end":{"line":220,"column":45}},"75":{"start":{"line":222,"column":6},"end":{"line":229,"column":7}},"76":{"start":{"line":223,"column":8},"end":{"line":228,"column":9}},"77":{"start":{"line":224,"column":10},"end":{"line":224,"column":33}},"78":{"start":{"line":227,"column":10},"end":{"line":227,"column":29}},"79":{"start":{"line":231,"column":6},"end":{"line":238,"column":7}},"80":{"start":{"line":232,"column":8},"end":{"line":237,"column":9}},"81":{"start":{"line":233,"column":10},"end":{"line":233,"column":46}},"82":{"start":{"line":236,"column":10},"end":{"line":236,"column":29}},"83":{"start":{"line":241,"column":6},"end":{"line":241,"column":25}},"84":{"start":{"line":245,"column":4},"end":{"line":245,"column":59}},"85":{"start":{"line":253,"column":0},"end":{"line":255,"column":2}},"86":{"start":{"line":254,"column":2},"end":{"line":254,"column":27}},"87":{"start":{"line":263,"column":0},"end":{"line":270,"column":2}},"88":{"start":{"line":264,"column":2},"end":{"line":269,"column":3}},"89":{"start":{"line":265,"column":4},"end":{"line":265,"column":30}},"90":{"start":{"line":268,"column":4},"end":{"line":268,"column":14}},"91":{"start":{"line":277,"column":0},"end":{"line":310,"column":2}},"92":{"start":{"line":279,"column":2},"end":{"line":309,"column":3}},"93":{"start":{"line":280,"column":4},"end":{"line":280,"column":12}},"94":{"start":{"line":281,"column":4},"end":{"line":288,"column":5}},"95":{"start":{"line":283,"column":6},"end":{"line":283,"column":72}},"96":{"start":{"line":287,"column":6},"end":{"line":287,"column":212}},"97":{"start":{"line":290,"column":4},"end":{"line":299,"column":5}},"98":{"start":{"line":291,"column":6},"end":{"line":291,"column":48}},"99":{"start":{"line":295,"column":6},"end":{"line":295,"column":35}},"100":{"start":{"line":298,"column":6},"end":{"line":298,"column":22}},"101":{"start":{"line":301,"column":4},"end":{"line":301,"column":19}},"102":{"start":{"line":305,"column":4},"end":{"line":305,"column":31}},"103":{"start":{"line":306,"column":4},"end":{"line":306,"column":31}},"104":{"start":{"line":307,"column":4},"end":{"line":307,"column":20}},"105":{"start":{"line":308,"column":4},"end":{"line":308,"column":19}},"106":{"start":{"line":316,"column":0},"end":{"line":318,"column":2}},"107":{"start":{"line":323,"column":0},"end":{"line":325,"column":2}},"108":{"start":{"line":346,"column":0},"end":{"line":379,"column":2}},"109":{"start":{"line":347,"column":2},"end":{"line":347,"column":14}},"110":{"start":{"line":349,"column":2},"end":{"line":378,"column":3}},"111":{"start":{"line":351,"column":4},"end":{"line":353,"column":5}},"112":{"start":{"line":352,"column":6},"end":{"line":352,"column":39}},"113":{"start":{"line":357,"column":4},"end":{"line":357,"column":70}},"114":{"start":{"line":357,"column":27},"end":{"line":357,"column":70}},"115":{"start":{"line":358,"column":4},"end":{"line":358,"column":72}},"116":{"start":{"line":358,"column":28},"end":{"line":358,"column":72}},"117":{"start":{"line":359,"column":4},"end":{"line":359,"column":70}},"118":{"start":{"line":359,"column":27},"end":{"line":359,"column":70}},"119":{"start":{"line":360,"column":4},"end":{"line":360,"column":25}},"120":{"start":{"line":361,"column":4},"end":{"line":363,"column":5}},"121":{"start":{"line":362,"column":6},"end":{"line":362,"column":64}},"122":{"start":{"line":366,"column":4},"end":{"line":368,"column":5}},"123":{"start":{"line":367,"column":6},"end":{"line":367,"column":69}},"124":{"start":{"line":369,"column":4},"end":{"line":369,"column":56}},"125":{"start":{"line":370,"column":4},"end":{"line":375,"column":5}},"126":{"start":{"line":371,"column":6},"end":{"line":371,"column":25}},"127":{"start":{"line":372,"column":6},"end":{"line":374,"column":7}},"128":{"start":{"line":373,"column":8},"end":{"line":373,"column":81}},"129":{"start":{"line":377,"column":4},"end":{"line":377,"column":34}},"130":{"start":{"line":382,"column":0},"end":{"line":382,"column":34}},"131":{"start":{"line":383,"column":0},"end":{"line":383,"column":34}},"132":{"start":{"line":385,"column":0},"end":{"line":385,"column":28}}},"branchMap":{"1":{"line":50,"type":"if","locations":[{"start":{"line":50,"column":2},"end":{"line":50,"column":2}},{"start":{"line":50,"column":2},"end":{"line":50,"column":2}}]},"2":{"line":56,"type":"if","locations":[{"start":{"line":56,"column":2},"end":{"line":56,"column":2}},{"start":{"line":56,"column":2},"end":{"line":56,"column":2}}]},"3":{"line":56,"type":"binary-expr","locations":[{"start":{"line":56,"column":6},"end":{"line":56,"column":21}},{"start":{"line":56,"column":25},"end":{"line":56,"column":38}}]},"4":{"line":61,"type":"if","locations":[{"start":{"line":61,"column":2},"end":{"line":61,"column":2}},{"start":{"line":61,"column":2},"end":{"line":61,"column":2}}]},"5":{"line":63,"type":"if","locations":[{"start":{"line":63,"column":4},"end":{"line":63,"column":4}},{"start":{"line":63,"column":4},"end":{"line":63,"column":4}}]},"6":{"line":68,"type":"if","locations":[{"start":{"line":68,"column":4},"end":{"line":68,"column":4}},{"start":{"line":68,"column":4},"end":{"line":68,"column":4}}]},"7":{"line":73,"type":"if","locations":[{"start":{"line":73,"column":4},"end":{"line":73,"column":4}},{"start":{"line":73,"column":4},"end":{"line":73,"column":4}}]},"8":{"line":80,"type":"if","locations":[{"start":{"line":80,"column":4},"end":{"line":80,"column":4}},{"start":{"line":80,"column":4},"end":{"line":80,"column":4}}]},"9":{"line":89,"type":"if","locations":[{"start":{"line":89,"column":8},"end":{"line":89,"column":8}},{"start":{"line":89,"column":8},"end":{"line":89,"column":8}}]},"10":{"line":96,"type":"if","locations":[{"start":{"line":96,"column":2},"end":{"line":96,"column":2}},{"start":{"line":96,"column":2},"end":{"line":96,"column":2}}]},"11":{"line":130,"type":"binary-expr","locations":[{"start":{"line":130,"column":17},"end":{"line":130,"column":24}},{"start":{"line":130,"column":28},"end":{"line":130,"column":30}}]},"12":{"line":131,"type":"binary-expr","locations":[{"start":{"line":131,"column":14},"end":{"line":131,"column":18}},{"start":{"line":131,"column":22},"end":{"line":131,"column":24}}]},"13":{"line":133,"type":"binary-expr","locations":[{"start":{"line":133,"column":13},"end":{"line":133,"column":30}},{"start":{"line":133,"column":34},"end":{"line":133,"column":40}}]},"14":{"line":179,"type":"if","locations":[{"start":{"line":179,"column":2},"end":{"line":179,"column":2}},{"start":{"line":179,"column":2},"end":{"line":179,"column":2}}]},"15":{"line":190,"type":"binary-expr","locations":[{"start":{"line":190,"column":9},"end":{"line":190,"column":21}},{"start":{"line":190,"column":25},"end":{"line":190,"column":42}}]},"16":{"line":208,"type":"if","locations":[{"start":{"line":208,"column":2},"end":{"line":208,"column":2}},{"start":{"line":208,"column":2},"end":{"line":208,"column":2}}]},"17":{"line":212,"type":"cond-expr","locations":[{"start":{"line":212,"column":27},"end":{"line":212,"column":36}},{"start":{"line":212,"column":39},"end":{"line":212,"column":44}}]},"18":{"line":220,"type":"cond-expr","locations":[{"start":{"line":220,"column":20},"end":{"line":220,"column":29}},{"start":{"line":220,"column":32},"end":{"line":220,"column":37}}]},"19":{"line":222,"type":"if","locations":[{"start":{"line":222,"column":6},"end":{"line":222,"column":6}},{"start":{"line":222,"column":6},"end":{"line":222,"column":6}}]},"20":{"line":231,"type":"if","locations":[{"start":{"line":231,"column":6},"end":{"line":231,"column":6}},{"start":{"line":231,"column":6},"end":{"line":231,"column":6}}]},"21":{"line":231,"type":"binary-expr","locations":[{"start":{"line":231,"column":10},"end":{"line":231,"column":52}},{"start":{"line":231,"column":56},"end":{"line":231,"column":72}}]},"22":{"line":264,"type":"if","locations":[{"start":{"line":264,"column":2},"end":{"line":264,"column":2}},{"start":{"line":264,"column":2},"end":{"line":264,"column":2}}]},"23":{"line":264,"type":"binary-expr","locations":[{"start":{"line":264,"column":6},"end":{"line":264,"column":18}},{"start":{"line":264,"column":22},"end":{"line":264,"column":64}}]},"24":{"line":279,"type":"if","locations":[{"start":{"line":279,"column":2},"end":{"line":279,"column":2}},{"start":{"line":279,"column":2},"end":{"line":279,"column":2}}]},"25":{"line":283,"type":"binary-expr","locations":[{"start":{"line":283,"column":12},"end":{"line":283,"column":28}},{"start":{"line":283,"column":32},"end":{"line":283,"column":71}}]},"26":{"line":290,"type":"if","locations":[{"start":{"line":290,"column":4},"end":{"line":290,"column":4}},{"start":{"line":290,"column":4},"end":{"line":290,"column":4}}]},"27":{"line":349,"type":"if","locations":[{"start":{"line":349,"column":2},"end":{"line":349,"column":2}},{"start":{"line":349,"column":2},"end":{"line":349,"column":2}}]},"28":{"line":357,"type":"if","locations":[{"start":{"line":357,"column":4},"end":{"line":357,"column":4}},{"start":{"line":357,"column":4},"end":{"line":357,"column":4}}]},"29":{"line":358,"type":"if","locations":[{"start":{"line":358,"column":4},"end":{"line":358,"column":4}},{"start":{"line":358,"column":4},"end":{"line":358,"column":4}}]},"30":{"line":359,"type":"if","locations":[{"start":{"line":359,"column":4},"end":{"line":359,"column":4}},{"start":{"line":359,"column":4},"end":{"line":359,"column":4}}]},"31":{"line":361,"type":"if","locations":[{"start":{"line":361,"column":4},"end":{"line":361,"column":4}},{"start":{"line":361,"column":4},"end":{"line":361,"column":4}}]},"32":{"line":366,"type":"if","locations":[{"start":{"line":366,"column":4},"end":{"line":366,"column":4}},{"start":{"line":366,"column":4},"end":{"line":366,"column":4}}]},"33":{"line":372,"type":"if","locations":[{"start":{"line":372,"column":6},"end":{"line":372,"column":6}},{"start":{"line":372,"column":6},"end":{"line":372,"column":6}}]}},"code":["'use strict';","","var Ajv;","try {","  Ajv = require('ajv');","}","catch (err) {","  // no problem... when we need Ajv we will throw a neat exception","}","","var treemode = require('./treemode');","var textmode = require('./textmode');","var util = require('./util');","","/**"," * @constructor JSONEditor"," * @param {Element} container    Container element"," * @param {Object}  [options]    Object with options. available options:"," *                               {String} mode        Editor mode. Available values:"," *                                                    'tree' (default), 'view',"," *                                                    'form', 'text', and 'code'."," *                               {function} onChange  Callback method, triggered"," *                                                    on change of contents"," *                               {function} onError   Callback method, triggered"," *                                                    when an error occurs"," *                               {Boolean} search     Enable search box."," *                                                    True by default"," *                                                    Only applicable for modes"," *                                                    'tree', 'view', and 'form'"," *                               {Boolean} history    Enable history (undo/redo)."," *                                                    True by default"," *                                                    Only applicable for modes"," *                                                    'tree', 'view', and 'form'"," *                               {String} name        Field name for the root node."," *                                                    Only applicable for modes"," *                                                    'tree', 'view', and 'form'"," *                               {Number} indentation     Number of indentation"," *                                                        spaces. 4 by default."," *                                                        Only applicable for"," *                                                        modes 'text' and 'code'"," *                               {boolean} escapeUnicode  If true, unicode"," *                                                        characters are escaped."," *                                                        false by default."," *                               {boolean} sortObjectKeys If true, object keys are"," *                                                        sorted before display."," *                                                        false by default."," * @param {Object | undefined} json JSON object"," */","function JSONEditor (container, options, json) {","  if (!(this instanceof JSONEditor)) {","    throw new Error('JSONEditor constructor called without \"new\".');","  }","","  // check for unsupported browser (IE8 and older)","  var ieVersion = util.getInternetExplorerVersion();","  if (ieVersion != -1 && ieVersion < 9) {","    throw new Error('Unsupported browser, IE9 or newer required. ' +","        'Please install the newest version of your browser.');","  }","","  if (options) {","    // check for deprecated options","    if (options.error) {","      console.warn('Option \"error\" has been renamed to \"onError\"');","      options.onError = options.error;","      delete options.error;","    }","    if (options.change) {","      console.warn('Option \"change\" has been renamed to \"onChange\"');","      options.onChange = options.change;","      delete options.change;","    }","    if (options.editable) {","      console.warn('Option \"editable\" has been renamed to \"onEditable\"');","      options.onEditable = options.editable;","      delete options.editable;","    }","","    // validate options","    if (options) {","      var VALID_OPTIONS = [","        'ace', 'theme',","        'ajv', 'schema',","        'onChange', 'onEditable', 'onError', 'onModeChange',","        'escapeUnicode', 'history', 'search', 'mode', 'modes', 'name', 'indentation', 'sortObjectKeys'","      ];","","      Object.keys(options).forEach(function (option) {","        if (VALID_OPTIONS.indexOf(option) === -1) {","          console.warn('Unknown option \"' + option + '\". This option will be ignored');","        }","      });","    }","  }","","  if (arguments.length) {","    this._create(container, options, json);","  }","}","","/**"," * Configuration for all registered modes. Example:"," * {"," *     tree: {"," *         mixin: TreeEditor,"," *         data: 'json'"," *     },"," *     text: {"," *         mixin: TextEditor,"," *         data: 'text'"," *     }"," * }"," *"," * @type { Object.<String, {mixin: Object, data: String} > }"," */","JSONEditor.modes = {};","","// debounce interval for JSON schema vaidation in milliseconds","JSONEditor.prototype.DEBOUNCE_INTERVAL = 150;","","/**"," * Create the JSONEditor"," * @param {Element} container    Container element"," * @param {Object}  [options]    See description in constructor"," * @param {Object | undefined} json JSON object"," * @private"," */","JSONEditor.prototype._create = function (container, options, json) {","  this.container = container;","  this.options = options || {};","  this.json = json || {};","","  var mode = this.options.mode || 'tree';","  this.setMode(mode);","};","","/**"," * Destroy the editor. Clean up DOM, event listeners, and web workers."," */","JSONEditor.prototype.destroy = function () {};","","/**"," * Set JSON object in editor"," * @param {Object | undefined} json      JSON data"," */","JSONEditor.prototype.set = function (json) {","  this.json = json;","};","","/**"," * Get JSON from the editor"," * @returns {Object} json"," */","JSONEditor.prototype.get = function () {","  return this.json;","};","","/**"," * Set string containing JSON for the editor"," * @param {String | undefined} jsonText"," */","JSONEditor.prototype.setText = function (jsonText) {","  this.json = util.parse(jsonText);","};","","/**"," * Get stringified JSON contents from the editor"," * @returns {String} jsonText"," */","JSONEditor.prototype.getText = function () {","  return JSON.stringify(this.json);","};","","/**"," * Set a field name for the root node."," * @param {String | undefined} name"," */","JSONEditor.prototype.setName = function (name) {","  if (!this.options) {","    this.options = {};","  }","  this.options.name = name;","};","","/**"," * Get the field name for the root node."," * @return {String | undefined} name"," */","JSONEditor.prototype.getName = function () {","  return this.options && this.options.name;","};","","/**"," * Change the mode of the editor."," * JSONEditor will be extended with all methods needed for the chosen mode."," * @param {String} mode     Available modes: 'tree' (default), 'view', 'form',"," *                          'text', and 'code'."," */","JSONEditor.prototype.setMode = function (mode) {","  var container = this.container;","  var options = util.extend({}, this.options);","  var oldMode = options.mode;","  var data;","  var name;","","  options.mode = mode;","  var config = JSONEditor.modes[mode];","  if (config) {","    try {","      var asText = (config.data == 'text');","      name = this.getName();","      data = this[asText ? 'getText' : 'get'](); // get text or json","","      this.destroy();","      util.clear(this);","      util.extend(this, config.mixin);","      this.create(container, options);","","      this.setName(name);","      this[asText ? 'setText' : 'set'](data); // set text or json","","      if (typeof config.load === 'function') {","        try {","          config.load.call(this);","        }","        catch (err) {","          console.error(err);","        }","      }","","      if (typeof options.onModeChange === 'function' && mode !== oldMode) {","        try {","          options.onModeChange(mode, oldMode);","        }","        catch (err) {","          console.error(err);","        }","      }","    }","    catch (err) {","      this._onError(err);","    }","  }","  else {","    throw new Error('Unknown mode \"' + options.mode + '\"');","  }","};","","/**"," * Get the current mode"," * @return {string}"," */","JSONEditor.prototype.getMode = function () {","  return this.options.mode;","};","","/**"," * Throw an error. If an error callback is configured in options.error, this"," * callback will be invoked. Else, a regular error is thrown."," * @param {Error} err"," * @private"," */","JSONEditor.prototype._onError = function(err) {","  if (this.options && typeof this.options.onError === 'function') {","    this.options.onError(err);","  }","  else {","    throw err;","  }","};","","/**"," * Set a JSON schema for validation of the JSON object."," * To remove the schema, call JSONEditor.setSchema(null)"," * @param {Object | null} schema"," */","JSONEditor.prototype.setSchema = function (schema) {","  // compile a JSON schema validator if a JSON schema is provided","  if (schema) {","    var ajv;","    try {","      // grab ajv from options if provided, else create a new instance","      ajv = this.options.ajv || Ajv({ allErrors: true, verbose: true });","","    }","    catch (err) {","      console.warn('Failed to create an instance of Ajv, JSON Schema validation is not available. Please use a JSONEditor bundle including Ajv, or pass an instance of Ajv as via the configuration option `ajv`.');","    }","","    if (ajv) {","      this.validateSchema = ajv.compile(schema);","","      // add schema to the options, so that when switching to an other mode,","      // the set schema is not lost","      this.options.schema = schema;","","      // validate now","      this.validate();","    }","","    this.refresh(); // update DOM","  }","  else {","    // remove current schema","    this.validateSchema = null;","    this.options.schema = null;","    this.validate(); // to clear current error messages","    this.refresh();  // update DOM","  }","};","","/**"," * Validate current JSON object against the configured JSON schema"," * Throws an exception when no JSON schema is configured"," */","JSONEditor.prototype.validate = function () {","  // must be implemented by treemode and textmode","};","","/**"," * Refresh the rendered contents"," */","JSONEditor.prototype.refresh = function () {","  // can be implemented by treemode and textmode","};","","/**"," * Register a plugin with one ore multiple modes for the JSON Editor."," *"," * A mode is described as an object with properties:"," *"," * - `mode: String`           The name of the mode."," * - `mixin: Object`          An object containing the mixin functions which"," *                            will be added to the JSONEditor. Must contain functions"," *                            create, get, getText, set, and setText. May have"," *                            additional functions."," *                            When the JSONEditor switches to a mixin, all mixin"," *                            functions are added to the JSONEditor, and then"," *                            the function `create(container, options)` is executed."," * - `data: 'text' | 'json'`  The type of data that will be used to load the mixin."," * - `[load: function]`       An optional function called after the mixin"," *                            has been loaded."," *"," * @param {Object | Array} mode  A mode object or an array with multiple mode objects."," */","JSONEditor.registerMode = function (mode) {","  var i, prop;","","  if (util.isArray(mode)) {","    // multiple modes","    for (i = 0; i < mode.length; i++) {","      JSONEditor.registerMode(mode[i]);","    }","  }","  else {","    // validate the new mode","    if (!('mode' in mode)) throw new Error('Property \"mode\" missing');","    if (!('mixin' in mode)) throw new Error('Property \"mixin\" missin
[...]
","","/**"," * Get the text contents of the editor"," * @return {String} jsonText"," */","textmode.getText = function() {","  if (this.textarea) {","    return this.textarea.value;","  }","  if (this.aceEditor) {","    return this.aceEditor.getValue();","  }","  return '';","};","","/**"," * Set the text contents of the editor"," * @param {String} jsonText"," */","textmode.setText = function(jsonText) {","  var text;","","  if (this.options.escapeUnicode === true) {","    text = util.escapeUnicodeChars(jsonText);","  }","  else {","    text = jsonText;","  }","","  if (this.textarea) {","    this.textarea.value = text;","  }","  if (this.aceEditor) {","    // prevent emitting onChange events while setting new text","    var originalOnChange = this.options.onChange;","    this.options.onChange = null;","","    this.aceEditor.setValue(text, -1);","","    this.options.onChange = originalOnChange;","  }","","  // validate JSON schema","  this.validate();","};","","/**"," * Validate current JSON object against the configured JSON schema"," * Throws an exception when no JSON schema is configured"," */","textmode.validate = function () {","  // clear all current errors","  if (this.dom.validationErrors) {","    this.dom.validationErrors.parentNode.removeChild(this.dom.validationErrors);","    this.dom.validationErrors = null;","","    this.content.style.marginBottom = '';","    this.content.style.paddingBottom = '';","  }","","  var doValidate = false;","  var errors = [];","  var json;","  try {","    json = this.get(); // this can fail when there is no valid json","    doValidate = true;","  }","  catch (err) {","    // no valid JSON, don't validate","  }","","  // only validate the JSON when parsing the JSON succeeded","  if (doValidate && this.validateSchema) {","    var valid = this.validateSchema(json);","    if (!valid) {","      errors = this.validateSchema.errors.map(function (error) {","        return util.improveSchemaError(error);","      });","    }","  }","","  if (errors.length > 0) {","    // limit the number of displayed errors","    var limit = errors.length > MAX_ERRORS;","    if (limit) {","      errors = errors.slice(0, MAX_ERRORS);","      var hidden = this.validateSchema.errors.length - MAX_ERRORS;","      errors.push('(' + hidden + ' more errors...)')","    }","","    var validationErrors = document.createElement('div');","    validationErrors.innerHTML = '<table class=\"jsoneditor-text-errors\">' +","        '<tbody>' +","        errors.map(function (error) {","          var message;","          if (typeof error === 'string') {","            message = '<td colspan=\"2\"><pre>' + error + '</pre></td>';","          }","          else {","            message = '<td>' + error.dataPath + '</td>' +","                '<td>' + error.message + '</td>';","          }","","          return '<tr><td><button class=\"jsoneditor-schema-error\"></button></td>' + message + '</tr>'","        }).join('') +","        '</tbody>' +","        '</table>';","","    this.dom.validationErrors = validationErrors;","    this.frame.appendChild(validationErrors);","","    var height = validationErrors.clientHeight;","    this.content.style.marginBottom = (-height) + 'px';","    this.content.style.paddingBottom = height + 'px';","  }","","  // update the height of the ace editor","  if (this.aceEditor) {","    var force = false;","    this.aceEditor.resize(force);","  }","};","","// define modes","module.exports = [","  {","    mode: 'text',","    mixin: textmode,","    data: 'text',","    load: textmode.format","  },","  {","    mode: 'code',","    mixin: textmode,","    data: 'text',","    load: textmode.format","  }","];",""],"l":{"3":3,"4":0,"5":0,"8":0,"10":0,"12":0,"36":0,"38":0,"39":0,"42":0,"43":0,"46":0,"50":0,"54":0,"55":0,"57":0,"58":0,"59":0,"64":0,"65":0,"66":0,"67":0,"70":0,"74":0,"75":0,"76":0,"77":0,"78":0,"79":0,"82":0,"84":0,"85":0,"87":0,"88":0,"89":0,"91":0,"93":0,"94":0,"98":0,"99":0,"100":0,"103":0,"104":0,"105":0,"106":0,"107":0,"108":0,"109":0,"110":0,"111":0,"114":0,"119":0,"120":0,"121":0,"122":0,"123":0,"124":0,"125":0,"126":0,"127":0,"130":0,"135":0,"136":0,"138":0,"139":0,"143":0,"144":0,"148":0,"149":0,"150":0,"152":0,"154":0,"155":0,"156":0,"157":0,"158":0,"160":0,"161":0,"162":0,"163":0,"164":0,"165":0,"166":0,"167":0,"168":0,"169":0,"170":0,"171":0,"172":0,"175":0,"176":0,"178":0,"179":0,"182":0,"183":0,"188":0,"189":0,"190":0,"191":0,"192":0,"193":0,"197":0,"199":0,"202":0,"206":0,"207":0,"208":0,"209":0,"210":0,"211":0,"214":0,"215":0,"219":0,"223":0,"232":0,"234":0,"237":0,"238":0,"239":0,"242":0,"252":0,"253":0,"254":0,"256":0,"257":0,"258":0,"259":0,"262":0,"263":0,"265":0,"268":0,"269":0,"270":0,"277":0,"279":0,"280":0,"281":0,"284":0,"285":0,"288":0,"289":0,"290":0,"293":0,"295":0,"301":0,"302":0,"303":0,"304":0,"310":0,"311":0,"312":0,"313":0,"319":0,"320":0,"321":0,"323":0,"324":0,"331":0,"332":0,"333":0,"334":0,"342":0,"343":0,"350":0,"351":0,"352":0,"354":0,"355":0,"359":0,"362":0,"365":0,"372":0,"373":0,"374":0,"376":0,"377":0,"379":0,"386":0,"387":0,"389":0,"390":0,"393":0,"396":0,"397":0,"399":0,"401":0,"402":0,"404":0,"406":0,"410":0,"417":0,"419":0,"420":0,"421":0,"423":0,"424":0,"427":0,"428":0,"429":0,"430":0,"431":0,"432":0,"439":0,"440":0,"441":0,"442":0,"443":0,"448":0,"450":0,"451":0,"452":0,"453":0,"454":0,"457":0,"458":0,"461":0,"462":0,"463":0,"466":0,"470":0,"475":0,"476":0,"478":0,"479":0,"480":0,"484":0,"485":0,"486":0,"491":0}},"/home/travis/build/npmtest/node-npmtest-jsoneditor/node_modules/jsoneditor/src/js/ace/index.js":{"path":"/home/travis/build/npmtest/node-npmtest-jsoneditor/node_modules/jsoneditor/src/js/ace/index.js","s":{"1":3,"2":3,"3":0,"4":0,"5":0,"6":0,"7":0,"8":0},"b":{"1":[0,0]},"f":{},"fnMap":{},"statementMap":{"1":{"start":{"line":1,"column":0},"end":{"line":1,"column":7}},"2":{"start":{"line":2,"column":0},"end":{"line":19,"column":1}},"3":{"start":{"line":4,"column":2},"end":{"line":4,"column":18}},"4":{"start":{"line":7,"column":2},"end":{"line":18,"column":3}},"5":{"start":{"line":9,"column":4},"end":{"line":9,"column":27}},"6":{"start":{"line":12,"column":4},"end":{"line":12,"column":31}},"7":{"start":{"line":13,"column":4},"end":{"line":13,"column":35}},"8":{"start":{"line":21,"column":0},"end":{"line":21,"column":21}}},"branchMap":{"1":{"line":2,"type":"if","locations":[{"start":{"line":2,"column":0},"end":{"line":2,"column":0}},{"start":{"line":2,"column":0},"end":{"line":2,"column":0}}]}},"code":["var ace","if (window.ace) {","  // use the already loaded instance of Ace","  ace = window.ace","}","else {","  try {","    // load brace","    ace = require('brace');","","    // load required Ace plugins","    require('brace/mode/json');","    require('brace/ext/searchbox');","  }","  catch (err) {","    // failed to load brace (can be minimalist bundle).","    // No worries, the editor will fall back to plain text if needed.","  }","}","","module.exports = ace;",""],"l":{"1":3,"2":3,"4":0,"7":0,"9":0,"12":0,"13":0,"21":0}},"/home/travis/build/npmtest/node-npmtest-jsoneditor/node_modules/jsoneditor/gulpfile.js":{"path":"/home/travis/build/npmtest/node-npmtest-jsoneditor/node_modules/jsoneditor/gulpfile.js","s":{"1":2,"2":2,"3":0,"4":0,"5":0,"6":0,"7":0,"8":0,"9":0,"10":0,"11":0,"12":0,"13":0,"14":0,"15":0,"16":0,"17":1,"18":0,"19":0,"20":0,"21":0,"22":0,"23":0,"24":1,"25":0,"26":0,"27":0,"28":0,"29":0,"30":0,"31":0,"32":0,"33":0,"34":0,"35":0,"36":0,"37":0,"38":0,"39":0,"40":0,"41":0,"42":0,"43":0,"44":0,"45":0,"46":0,"47":0,"48":0,"49":0,"50":0,"51":0,"52":0,"53":0,"54":0,"55":0,"56":0,"57":0,"58":0,"59":0,"60":0,"61":0,"62":0,"63":0,"64":0,"65":0,"66":0,"67":0},"b":{"1":[0,0],"2":[0,0]},"f":{"1":0,"2":0,"3":0,"4":0,"5":0,"6":0,"7":0,"8":0,"9":0,"10":0,"11":0,"12":0,"13":0},"fnMap":{"1":{"name":"createBanner","line":20,"loc":{"start":{"line":20,"column":0},"end":{"line":20,"column":24}}},"2":{"name":"minify","line":69,"loc":{"start":{"line":69,"column":0},"end":{"line":69,"column":22}}},"3":{"name":"(anonymous_3)","line":89,"loc":{"start":{"line":89,"column":19},"end":{"line":89,"column":31}}},"4":{"name":"(anonymous_4)","line":95,"loc":{"start":{"line":95,"column":31},"end":{"line":95,"column":47}}},"5":{"name":"(anonymous_5)","line":99,"loc":{"start":{"line":99,"column":15},"end":{"line":99,"column":37}}},"6":{"name":"(anonymous_6)","line":111,"loc":{"start":{"line":111,"column":42},"end":{"line":111,"column":58}}},"7":{"name":"(anonymous_7)","line":115,"loc":{"start":{"line":115,"column":25},"end":{"line":115,"column":47}}},"8":{"name":"(anonymous_8)","line":127,"loc":{"start":{"line":127,"column":35},"end":{"line":127,"column":47}}},"9":{"name":"(anonymous_9)","line":146,"loc":{"start":{"line":146,"column":33},"end":{"line":146,"column":45}}},"10":{"name":"(anonymous_10)","line":153,"loc":{"start":{"line":153,"column":34},"end":{"line":153,"column":46}}},"11":{"name":"(anonymous_11)","line":159,"loc":{"start":{"line":159,"column":32},"end":{"line":159,"column":44}}},"12":{"name":"(anonymous_12)","line":163,"loc":{"start":{"line":163,"column":54},"end":{"line":163,"column":66}}},"13":{"name":"(anonymous_13)","line":176,"loc":{"start":{"line":176,"column":57},"end":{"line":176,"column":69}}}},"statementMap":{"1":{"start":{"line":1,"column":0},"end":{"line":1,"column":23}},"2":{"start":{"line":2,"column":0},"end":{"line":2,"column":27}},"3":{"start":{"line":3,"column":0},"end":{"line":3,"column":33}},"4":{"start":{"line":4,"column":0},"end":{"line":4,"column":43}},"5":{"start":{"line":5,"column":0},"end":{"line":5,"column":42}},"6":{"start":{"line":6,"column":0},"end":{"line":6,"column":34}},"7":{"start":{"line":7,"column":0},"end":{"line":7,"column":31}},"8":{"start":{"line":8,"column":0},"end":{"line":8,"column":33}},"9":{"start":{"line":9,"column":0},"end":{"line":9,"column":34}},"10":{"start":{"line":11,"column":0},"end":{"line":11,"column":27}},"11":{"start":{"line":12,"column":0},"end":{"line":12,"column":46}},"12":{"start":{"line":13,"column":0},"end":{"line":13,"column":39}},"13":{"start":{"line":14,"column":0},"end":{"line":14,"column":35}},"14":{"start":{"line":15,"column":0},"end":{"line":15,"column":51}},"15":{"start":{"line":16,"column":0},"end":{"line":16,"column":29}},"16":{"start":{"line":17,"column":0},"end":{"line":17,"column":23}},"17":{"start":{"line":20,"column":0},"end":{"line":27,"column":1}},"18":{"start":{"line":21,"column":2},"end":{"line":21,"column":51}},"19":{"start":{"line":22,"column":2},"end":{"line":22,"column":50}},"20":{"start":{"line":24,"column":2},"end":{"line":26,"column":37}},"21":{"start":{"line":29,"column":0},"end":{"line":32,"column":3}},"22":{"start":{"line":35,"column":0},"end":{"line":50,"column":3}},"23":{"start":{"line":53,"column":0},"end":{"line":67,"column":3}},"24":{"start":{"line":69,"column":0},"end":{"line":86,"column":1}},"25":{"start":{"line":70,"column":2},"end":{"line":76,"column":5}},"26":{"start":{"line":78,"column":2},"end":{"line":78,"column":46}},"27":{"start":{"line":79,"column":2},"end":{"line":79,"column":43}},"28":{"start":{"line":81,"column":2},"end":{"line":81,"column":41}},"29":{"start":{"line":82,"column":2},"end":{"line":82,"column":40}},"30":{"start":{"line":84,"column":2},"end":{"line":84,"column":35}},"31":{"start":{"line":85,"column":2},"end":{"line":85,"column":33}},"32":{"start":{"line":89,"column":0},"end":{"line":92,"column":3}},"33":{"start":{"line":90,"column":2},"end":{"line":90,"column":20}},"34":{"start":{"line":91,"column":2},"end":{"line":91,"column":29}},"35":{"start":{"line":95,"column":0},"end":{"line":108,"column":3}},"36":{"start":{"line":97,"column":2},"end":{"line":97,"column":39}},"37":{"start":{"line":99,"column":2},"end":{"line":107,"column":5}},"38":{"start":{"line":100,"column":4},"end":{"line":102,"column":5}},"39":{"start":{"line":101,"column":6},"end":{"line":101,"column":21}},"40":{"start":{"line":104,"column":4},"end":{"line":104,"column":41}},"41":{"start":{"line":106,"column":4},"end":{"line":106,"column":11}},"42":{"start":{"line":111,"column":0},"end":{"line":124,"column":3}},"43":{"start":{"line":113,"column":2},"end":{"line":113,"column":39}},"44":{"start":{"line":115,"column":2},"end":{"line":123,"column":5}},"45":{"start":{"line":116,"column":4},"end":{"line":118,"column":5}},"46":{"start":{"line":117,"column":6},"end":{"line":117,"column":21}},"47":{"start":{"line":120,"column":4},"end":{"line":120,"column":52}},"48":{"start":{"line":122,"column":4},"end":{"line":122,"column":11}},"49":{"start":{"line":127,"column":0},"end":{"line":143,"column":3}},"50":{"start":{"line":128,"column":2},"end":{"line":139,"column":29}},"51":{"start":{"line":141,"column":2},"end":{"line":141,"column":53}},"52":{"start":{"line":142,"column":2},"end":{"line":142,"column":57}},"53":{"start":{"line":146,"column":0},"end":{"line":150,"column":3}},"54":{"start":{"line":147,"column":2},"end":{"line":148,"column":38}},"55":{"start":{"line":149,"column":2},"end":{"line":149,"column":29}},"56":{"start":{"line":153,"column":0},"end":{"line":157,"column":3}},"57":{"start":{"line":154,"column":2},"end":{"line":155,"column":29}},"58":{"start":{"line":156,"column":2},"end":{"line":156,"column":26}},"59":{"start":{"line":159,"column":0},"end":{"line":161,"column":3}},"60":{"start":{"line":160,"column":2},"end":{"line":160,"column":14}},"61":{"start":{"line":163,"column":0},"end":{"line":165,"column":3}},"62":{"start":{"line":164,"column":2},"end":{"line":164,"column":25}},"63":{"start":{"line":168,"column":0},"end":{"line":168,"column":69}},"64":{"start":{"line":169,"column":0},"end":{"line":171,"column":4}},"65":{"start":{"line":176,"column":0},"end":{"line":178,"column":3}},"66":{"start":{"line":177,"column":2},"end":{"line":177,"column":65}},"67":{"start":{"line":181,"column":0},"end":{"line":189,"column":3}}},"branchMap":{"1":{"line":100,"type":"if","locations":[{"start":{"line":100,"column":4},"end":{"line":100,"column":4}},{"start":{"line":100,"column":4},"end":{"line":100,"column":4}}]},"2":{"line":116,"type":"if","locations":[{"start":{"line":116,"column":4},"end":{"line":116,"column":4}},{"start":{"line":116,"column":4},"end":{"line":116,"column":4}}]}},"code":["var fs = require('fs');","var gulp = require('gulp');","var gutil = require('gulp-util');","var concatCss = require('gulp-concat-css');","var minifyCSS = require('gulp-clean-css');","var shell = require('gulp-shell');","var mkdirp = require('mkdirp');","var webpack = require('webpack');","var uglify = require('uglify-js');","","var NAME    = 'jsoneditor';","var NAME_MINIMALIST = 'jsoneditor-minimalist';","var ENTRY   = './src/js/JSONEditor.js';","var HEADER  = './src/js/header.js';","var IMAGE   = './src/css/img/jsoneditor-icons.svg';","var DOCS    = './src/docs/*';","var DIST    = './dist';","","// generate banner with today's date and correct version","function createBanner() {","  var today = gutil.date(new Date(), 'yyyy-mm-dd'); // today, formatted as yyyy-mm-dd","  var version = require('./package.json').version;  // math.js version","","  return String(fs.readFileSync(HEADER))","      .replace('@@date', today)","      .replace('@@version', version);","}","","var bannerPlugin = new webpack.BannerPlugin(createBanner(), {","  entryOnly: true,","  raw: true","});","","// create a single instance of the compiler to allow caching","var compiler = webpack({","  entry: ENTRY,","  output: {","    library: 'JSONEditor',","    libraryTarget: 'umd',","    path: DIST,","    filename: NAME + '.js'","  },","  plugins: [ bannerPlugin ],","  module: {","    loaders: [","      { test: /\\.json$/, loader: \"json\" }","    ]","  },","  cache: true","});","","// create a single instance of the compiler to allow caching","var compilerMinimalist = webpack({","  entry: ENTRY,","  output: {","    library: 'JSONEditor',","    libraryTarget: 'umd',","    path: DIST,","    filename: NAME_MINIMALIST + '.js'","  },","  plugins: [","    bannerPlugin,","    new webpack.IgnorePlugin(new RegExp('^brace$')),","    new webpack.IgnorePlugin(new RegExp('^ajv'))","  ],","  cache: true","});","","function minify(name) {","  var result = uglify.minify([DIST + '/' + name + '.js'], {","    outSourceMap: name + '.map',","    output: {","      comments: /@license/,","      max_line_len: 64000 // extra large because we have embedded code for workers","    }","  });","","  var fileMin = DIST + '/' + name + '.min.js';","  var fileMap = DIST + '/' + name + '.map';","","  fs.writeFileSync(fileMin, result.code);","  fs.writeFileSync(fileMap, result.map);","","  gutil.log('Minified ' + fileMin);","  gutil.log('Mapped ' + fileMap);","}","","// make dist folder structure","gulp.task('mkdir', function () {","  mkdirp.sync(DIST);","  mkdirp.sync(DIST + '/img');","});","","// bundle javascript","gulp.task('bundle', ['mkdir'], function (done) {","  // update the banner contents (has a date in it which should stay up to date)","  bannerPlugin.banner = createBanner();","","  compiler.run(function (err, stats) {","    if (err) {","      gutil.log(err);","    }","","    gutil.log('bundled ' + NAME + '.js');","","    done();","  });","});","","// bundle minimalist version of javascript","gulp.task('bundle-minimalist', ['mkdir'], function (done) {","  // update the banner contents (has a date in it which should stay up to date)","  bannerPlugin.banner = createBanner();","","  compilerMinimalist.run(function (err, stats) {","    if (err) {","      gutil.log(err);","    }","","    gutil.log('bundled ' + NAME_MINIMALIST + '.js');","","    done();","  });","});","","// bundle css","gulp.task('bundle-css', ['mkdir'], function () {","  gulp.src([","    'src/css/reset.css',","    'src/css/jsoneditor.css',","    'src/css/contextmenu.css',","    'src/css/menu.css',","    'src/css/searchbox.css'","  ])","      .pipe(concatCss(NAME + '.css'))","      .pipe(gulp.dest(DIST))","      .pipe(concatCss(NAME + '.min.css'))","      .pipe(minifyCSS())","      .pipe(gulp.dest(DIST));","","  gutil.log('bundled ' + DIST + '/' + NAME + '.css');","  gutil.log('bundled ' + DIST + '/' + NAME + '.min.css');","});","","// create a folder img and copy the icons","gulp.task('copy-img', ['mkdir'], function () {","  gulp.src(IMAGE)","      .pipe(gulp.dest(DIST + '/img'));","  gutil.log('Copied images');","});","","// create a folder img and copy the icons","gulp.task('copy-docs', ['mkdir'], function () {","  gulp.src(DOCS)","      .pipe(gulp.dest(DIST));","  gutil.log('Copied doc');","});","","gulp.task('minify', ['bundle'], function () {","  minify(NAME)","});","","gulp.task('minify-minimalist', ['bundle-minimalist'], function () {","  minify(NAME_MINIMALIST)","});","","// TODO: zip file using archiver","var pkg = 'jsoneditor-' + require('./package.json').version + '.zip';","gulp.task('zip', shell.task([","      'zip ' + pkg + ' ' + 'README.md NOTICE LICENSE HISTORY.md index.html src dist docs examples -r '","]));","","// The watch task (to automatically rebuild when the source code changes)","// Does only generate jsoneditor.js and jsoneditor.css, and copy the image","// Does NOT minify the code and does NOT generate the minimalist version","gulp.task('watch', ['bundle', 'bundle-css', 'copy-img'], function () {","  gulp.watch(['src/**/*'], ['bundle', 'bundle-css', 'copy-img']);","});","","// The default task (called when you run `gulp`)","gulp.task('default', [","  'bundle',","  'bundle-minimalist',","  'bundle-css',","  'copy-img',","  'copy-docs',","  'minify',","  'minify-minimalist'","]);",""],"l":{"1":2,"2":2,"3":0,"4":0,"5":0,"6":0,"7":0,"8":0,"9":0,"11":0,"12":0,"13":0,"14":0,"15":0,"16":0,"17":0,"20":1,"21":0,"22":0,"24":0,"29":0,"35":0,"53":0,"69":1,"70":0,"78":0,"79":0,"81":0,"82":0,"84":0,"85":0,"89":0,"90":0,"91":0,"95":0,"97":0,"99":0,"100":0,"101":0,"104":0,"106":0,"111":0,"113":0,"115":0,"116":0,"117":0,"120":0,"122":0,"127":0,"128":0,"141":0,"142":0,"146":0,"147":0,"149":0,"153":0,"154":0,"156":0,"159":0,"160":0,"163":0,"164":0,"168":0,"169":0,"176":0,"177":0,"181":0}}}